PRT1
48
122
4 0 7 (1088 1024 640 ) (1024 1024 640 ) (1024 1024 0 ) (1088 1024 0 ) 
4 0 6 (1024 1024 0 ) (1024 1024 64 ) (1024 1728 64 ) (1024 1728 0 ) 
4 0 5 (1024 1728 64 ) (1024 2048 64 ) (1024 2048 0 ) (1024 1728 0 ) 
4 0 2 (1024 1024 64 ) (1024 1024 320 ) (1024 2048 320 ) (1024 2048 64 ) 
4 0 1 (1024 1024 320 ) (1024 1024 640 ) (1024 2048 640 ) (1024 2048 320 ) 
4 1 12 (0 1024 320 ) (0 1024 640 ) (0 2048 640 ) (0 2048 320 ) 
4 1 8 (1024 1024 320 ) (1024 1024 640 ) (0 1024 640 ) (0 1024 320 ) 
4 1 3 (192 1600 320 ) (192 2048 320 ) (448 2048 320 ) (448 1600 320 ) 
4 1 2 (1024 1024 320 ) (448 1024 320 ) (448 2048 320 ) (1024 2048 320 ) 
4 1 4 (192 1024 320 ) (0 1024 320 ) (0 2048 320 ) (192 2048 320 ) 
4 2 9 (1024 1024 64 ) (1024 1024 320 ) (448 1024 320 ) (448 1024 64 ) 
4 2 6 (1024 1728 64 ) (1024 1024 64 ) (448 1024 64 ) (448 1728 64 ) 
4 2 5 (448 2048 64 ) (1024 2048 64 ) (1024 1728 64 ) (448 1728 64 ) 
4 2 3 (448 2048 64 ) (448 1600 64 ) (448 1600 320 ) (448 2048 320 ) 
4 3 6 (448 1728 64 ) (448 1600 64 ) (192 1600 64 ) (192 1728 64 ) 
4 3 5 (192 2048 64 ) (448 2048 64 ) (448 1728 64 ) (192 1728 64 ) 
4 3 4 (192 2048 64 ) (192 1600 64 ) (192 1600 320 ) (192 2048 320 ) 
4 4 13 (0 1024 64 ) (0 1024 320 ) (0 2048 320 ) (0 2048 64 ) 
4 4 10 (192 1024 320 ) (0 1024 320 ) (0 1024 64 ) (192 1024 64 ) 
4 4 5 (0 2048 64 ) (192 2048 64 ) (192 1728 64 ) (0 1728 64 ) 
4 5 16 (0 1728 64 ) (0 2048 64 ) (0 2048 0 ) (0 1728 0 ) 
4 5 6 (192 1728 0 ) (1024 1728 0 ) (1024 1728 64 ) (192 1728 64 ) 
4 6 11 (1024 1024 0 ) (1024 1024 64 ) (192 1024 64 ) (192 1024 0 ) 
4 7 24 (1088 0 640 ) (1024 0 640 ) (1024 0 0 ) (1088 0 0 ) 
4 7 11 (1024 1024 64 ) (1024 1024 0 ) (1024 0 0 ) (1024 0 64 ) 
4 7 9 (1024 1024 320 ) (1024 1024 64 ) (1024 0 64 ) (1024 0 320 ) 
4 7 8 (1024 1024 640 ) (1024 1024 320 ) (1024 0 320 ) (1024 0 640 ) 
4 8 25 (1024 0 320 ) (1024 0 640 ) (0 0 640 ) (0 0 320 ) 
4 8 19 (0 0 320 ) (0 0 640 ) (0 1024 640 ) (0 1024 320 ) 
4 8 9 (1024 0 320 ) (448 0 320 ) (448 1024 320 ) (1024 1024 320 ) 
4 8 10 (192 0 320 ) (0 0 320 ) (0 1024 320 ) (192 1024 320 ) 
4 9 26 (1024 0 64 ) (1024 0 320 ) (448 0 320 ) (448 0 64 ) 
4 9 11 (1024 1024 64 ) (1024 0 64 ) (448 0 64 ) (448 1024 64 ) 
4 10 27 (192 0 320 ) (0 0 320 ) (0 0 64 ) (192 0 64 ) 
4 10 20 (0 0 64 ) (0 0 320 ) (0 1024 320 ) (0 1024 64 ) 
4 11 28 (1024 0 0 ) (1024 0 64 ) (192 0 64 ) (192 0 0 ) 
4 12 19 (0 1024 320 ) (0 1024 640 ) (-1024 1024 640 ) (-1024 1024 320 ) 
4 12 18 (-1024 2048 640 ) (-1024 2048 320 ) (-1024 1024 320 ) (-1024 1024 640 ) 
4 12 14 (-896 2048 320 ) (-640 2048 320 ) (-640 1600 320 ) (-896 1600 320 ) 
4 12 13 (-640 2048 320 ) (0 2048 320 ) (0 1024 320 ) (-640 1024 320 ) 
4 12 15 (-1024 1024 320 ) (-1024 2048 320 ) (-896 2048 320 ) (-896 1024 320 ) 
4 13 20 (0 1024 64 ) (0 1024 320 ) (-640 1024 320 ) (-640 1024 64 ) 
4 13 16 (-640 1728 64 ) (-640 2048 64 ) (0 2048 64 ) (0 1728 64 ) 
4 13 14 (-640 2048 64 ) (-640 1600 64 ) (-640 1600 320 ) (-640 2048 320 ) 
4 14 17 (-896 1600 64 ) (-896 1728 64 ) (-640 1728 64 ) (-640 1600 64 ) 
4 14 16 (-896 1728 64 ) (-896 2048 64 ) (-640 2048 64 ) (-640 1728 64 ) 
4 14 15 (-896 2048 64 ) (-896 1600 64 ) (-896 1600 320 ) (-896 2048 320 ) 
4 15 21 (-896 1024 320 ) (-1024 1024 320 ) (-1024 1024 64 ) (-896 1024 64 ) 
4 15 18 (-1024 2048 320 ) (-1024 2048 64 ) (-1024 1024 64 ) (-1024 1024 320 ) 
4 15 17 (-896 1024 64 ) (-1024 1024 64 ) (-1024 1728 64 ) (-896 1728 64 ) 
4 15 16 (-1024 1728 64 ) (-1024 2048 64 ) (-896 2048 64 ) (-896 1728 64 ) 
4 16 18 (-1024 2048 64 ) (-1024 2048 0 ) (-1024 1728 0 ) (-1024 1728 64 ) 
4 16 17 (-1024 1728 0 ) (-640 1728 0 ) (-640 1728 64 ) (-1024 1728 64 ) 
4 17 22 (-640 1024 64 ) (-1024 1024 64 ) (-1024 1024 0 ) (-640 1024 0 ) 
4 17 18 (-1024 1728 0 ) (-1024 1024 0 ) (-1024 1024 64 ) (-1024 1728 64 ) 
4 18 23 (-1536 1024 0 ) (-1024 1024 0 ) (-1024 1024 640 ) (-1536 1024 640 ) 
4 19 36 (0 0 320 ) (0 0 640 ) (-1024 0 640 ) (-1024 0 320 ) 
4 19 23 (-1024 1024 640 ) (-1024 1024 320 ) (-1024 0 320 ) (-1024 0 640 ) 
4 19 20 (-640 1024 320 ) (0 1024 320 ) (0 0 320 ) (-640 0 320 ) 
4 19 21 (-1024 0 320 ) (-1024 1024 320 ) (-896 1024 320 ) (-896 0 320 ) 
4 20 37 (0 0 64 ) (0 0 320 ) (-640 0 320 ) (-640 0 64 ) 
4 21 38 (-896 0 320 ) (-1024 0 320 ) (-1024 0 64 ) (-896 0 64 ) 
4 21 23 (-1024 1024 320 ) (-1024 1024 64 ) (-1024 0 64 ) (-1024 0 320 ) 
4 21 22 (-896 0 64 ) (-1024 0 64 ) (-1024 1024 64 ) (-896 1024 64 ) 
4 22 39 (-640 0 64 ) (-1024 0 64 ) (-1024 0 0 ) (-640 0 0 ) 
4 22 23 (-1024 1024 64 ) (-1024 1024 0 ) (-1024 0 0 ) (-1024 0 64 ) 
4 23 40 (-1024 0 0 ) (-1024 0 640 ) (-1536 0 640 ) (-1536 0 0 ) 
4 24 29 (1088 -1024 640 ) (1024 -1024 640 ) (1024 -1024 0 ) (1088 -1024 0 ) 
4 24 28 (1024 -1024 0 ) (1024 -1024 64 ) (1024 0 64 ) (1024 0 0 ) 
4 24 26 (1024 -1024 64 ) (1024 -1024 320 ) (1024 0 320 ) (1024 0 64 ) 
4 24 25 (1024 -1024 320 ) (1024 -1024 640 ) (1024 0 640 ) (1024 0 320 ) 
4 25 36 (0 0 640 ) (0 0 320 ) (0 -1024 320 ) (0 -1024 640 ) 
4 25 31 (192 -1024 320 ) (448 -1024 320 ) (448 -1024 640 ) (192 -1024 640 ) 
4 25 30 (448 -1024 320 ) (1024 -1024 320 ) (1024 -1024 640 ) (448 -1024 640 ) 
4 25 32 (0 -1024 640 ) (0 -1024 320 ) (192 -1024 320 ) (192 -1024 640 ) 
4 25 26 (1024 -1024 320 ) (448 -1024 320 ) (448 0 320 ) (1024 0 320 ) 
4 25 27 (192 -1024 320 ) (0 -1024 320 ) (0 0 320 ) (192 0 320 ) 
4 26 30 (448 -1024 64 ) (1024 -1024 64 ) (1024 -1024 320 ) (448 -1024 320 ) 
4 26 28 (1024 0 64 ) (1024 -1024 64 ) (448 -1024 64 ) (448 0 64 ) 
4 27 37 (0 0 320 ) (0 0 64 ) (0 -1024 64 ) (0 -1024 320 ) 
4 27 32 (0 -1024 320 ) (0 -1024 64 ) (192 -1024 64 ) (192 -1024 320 ) 
4 28 34 (192 -1024 0 ) (1024 -1024 0 ) (1024 -1024 64 ) (192 -1024 64 ) 
4 29 35 (1024 -1472 0 ) (1024 -1984 0 ) (1024 -1984 64 ) (1024 -1472 64 ) 
4 29 34 (1024 -1024 64 ) (1024 -1024 0 ) (1024 -1472 0 ) (1024 -1472 64 ) 
4 29 33 (1024 -1472 64 ) (1024 -1984 64 ) (1024 -1984 640 ) (1024 -1472 640 ) 
4 29 30 (1024 -1024 640 ) (1024 -1024 64 ) (1024 -1472 64 ) (1024 -1472 640 ) 
4 30 34 (1024 -1024 64 ) (1024 -1472 64 ) (448 -1472 64 ) (448 -1024 64 ) 
4 30 33 (448 -1472 64 ) (1024 -1472 64 ) (1024 -1472 640 ) (448 -1472 640 ) 
4 30 31 (448 -1472 320 ) (448 -1472 640 ) (448 -1024 640 ) (448 -1024 320 ) 
4 31 33 (448 -1472 320 ) (448 -1472 640 ) (192 -1472 640 ) (192 -1472 320 ) 
4 31 32 (192 -1472 320 ) (192 -1472 640 ) (192 -1024 640 ) (192 -1024 320 ) 
4 32 41 (0 -1472 640 ) (0 -1024 640 ) (0 -1024 64 ) (0 -1472 64 ) 
4 32 33 (0 -1472 64 ) (192 -1472 64 ) (192 -1472 640 ) (0 -1472 640 ) 
4 33 44 (0 -1984 640 ) (0 -1472 640 ) (0 -1472 64 ) (0 -1984 64 ) 
4 33 35 (1024 -1472 64 ) (1024 -1984 64 ) (0 -1984 64 ) (0 -1472 64 ) 
4 34 35 (192 -1472 0 ) (1024 -1472 0 ) (1024 -1472 64 ) (192 -1472 64 ) 
4 35 46 (0 -1984 64 ) (0 -1472 64 ) (0 -1472 0 ) (0 -1984 0 ) 
4 36 42 (-640 -1024 640 ) (-896 -1024 640 ) (-896 -1024 320 ) (-640 -1024 320 ) 
4 36 41 (0 -1024 320 ) (0 -1024 640 ) (-640 -1024 640 ) (-640 -1024 320 ) 
4 36 43 (-896 -1024 640 ) (-1024 -1024 640 ) (-1024 -1024 320 ) (-896 -1024 320 ) 
4 36 40 (-1024 0 640 ) (-1024 0 320 ) (-1024 -1024 320 ) (-1024 -1024 640 ) 
4 36 37 (-640 0 320 ) (0 0 320 ) (0 -1024 320 ) (-640 -1024 320 ) 
4 36 38 (-1024 -1024 320 ) (-1024 0 320 ) (-896 0 320 ) (-896 -1024 320 ) 
4 37 41 (0 -1024 64 ) (0 -1024 320 ) (-640 -1024 320 ) (-640 -1024 64 ) 
4 38 43 (-896 -1024 320 ) (-1024 -1024 320 ) (-1024 -1024 64 ) (-896 -1024 64 ) 
4 38 40 (-1024 0 320 ) (-1024 0 64 ) (-1024 -1024 64 ) (-1024 -1024 320 ) 
4 38 39 (-896 -1024 64 ) (-1024 -1024 64 ) (-1024 0 64 ) (-896 0 64 ) 
4 39 45 (-640 -1024 64 ) (-1024 -1024 64 ) (-1024 -1024 0 ) (-640 -1024 0 ) 
4 39 40 (-1024 0 64 ) (-1024 0 0 ) (-1024 -1024 0 ) (-1024 -1024 64 ) 
4 40 47 (-1024 -1024 0 ) (-1024 -1024 640 ) (-1536 -1024 640 ) (-1536 -1024 0 ) 
4 41 44 (-640 -1472 64 ) (0 -1472 64 ) (0 -1472 640 ) (-640 -1472 640 ) 
4 41 42 (-640 -1472 320 ) (-640 -1472 640 ) (-640 -1024 640 ) (-640 -1024 320 ) 
4 42 44 (-640 -1472 320 ) (-640 -1472 640 ) (-896 -1472 640 ) (-896 -1472 320 ) 
4 42 43 (-896 -1472 320 ) (-896 -1472 640 ) (-896 -1024 640 ) (-896 -1024 320 ) 
4 43 47 (-1024 -1024 640 ) (-1024 -1024 64 ) (-1024 -1472 64 ) (-1024 -1472 640 ) 
4 43 45 (-1024 -1472 64 ) (-1024 -1024 64 ) (-896 -1024 64 ) (-896 -1472 64 ) 
4 43 44 (-1024 -1472 64 ) (-896 -1472 64 ) (-896 -1472 640 ) (-1024 -1472 640 ) 
4 44 47 (-1024 -1472 64 ) (-1024 -1984 64 ) (-1024 -1984 640 ) (-1024 -1472 640 ) 
4 44 46 (-1024 -1984 64 ) (-1024 -1472 64 ) (0 -1472 64 ) (0 -1984 64 ) 
4 45 47 (-1024 -1024 64 ) (-1024 -1024 0 ) (-1024 -1472 0 ) (-1024 -1472 64 ) 
4 45 46 (-1024 -1472 0 ) (-640 -1472 0 ) (-640 -1472 64 ) (-1024 -1472 64 ) 
4 46 47 (-1024 -1472 0 ) (-1024 -1984 0 ) (-1024 -1984 64 ) (-1024 -1472 64 ) 
