


materialPath: F:\Steam\steamapps\sourcemods\secondchanceasw\materials
Loading f:\steam\steamapps\sourcemods\secondchanceasw\maps\day1_sc.vmf
fixing up env_cubemap materials on brush sides...
0...1...2...3...4...5...6...7...8...9...100...1...2...3...4...5...6...7...8...9...10Processing areas...done (0)
Building Faces...done (0)
FixTjuncs...
PruneNodes...
WriteBSP...
done (0)
writing f:\steam\steamapps\sourcemods\secondchanceasw\maps\day1_sc.prt...Building visibility clusters...
done (0)
Finding displacement neighbors...
Finding lightmap sample positions...
Displacement Alpha : 0...1...2...3...4...5...6...7...8...9...10
Building Physics collision data...
done (0) (12001 bytes)
Placing detail props : 0...1...2...3...4...5...6...7...8...9...10
Compacting texture/material tables...
Reduced 18 texinfos to 14
Reduced 5 texdatas to 5 (115 bytes to 115)
Writing f:\steam\steamapps\sourcemods\secondchanceasw\maps\day1_sc.bsp
0 seconds elapsed



3 threads
reading f:\steam\steamapps\sourcemods\secondchanceasw\maps\day1_sc.bsp
reading f:\steam\steamapps\sourcemods\secondchanceasw\maps\day1_sc.prt
  48 portalclusters
 122 numportals
0...1...2...3...4...5...6...7...8...9...100...1...2...3...4...5...6...7...8...9...10Optimized: 19 visible clusters (0.00%)
Total clusters visible: 1753
Average clusters visible: 36
Building PAS...
Average clusters audible: 48
visdatasize:969  compressed from 768
writing f:\steam\steamapps\sourcemods\secondchanceasw\maps\day1_sc.bsp
0 seconds elapsed



[Reading texlights from 'lights.rad']
[45 texlights parsed from 'lights.rad']

Loading f:\steam\steamapps\sourcemods\secondchanceasw\maps\day1_sc.bsp
211 faces
255203 square feet [36749312.00 square inches]
0 Displacements
0 Square Feet [0.00 Square Inches]
211 patches before subdivision
10565 patches after subdivision
0 direct lights
0...1...2...3...4...5...6...7...8...9...100...1...2...3...4...5...6...7...8...9...10transfers 312134, max 202
transfer lists:   2.4 megs
0...1...2...3...4...5...6...7...8...9...10	Bounce #1 added RGB(0, 0, 0)
Build Patch/Sample Hash Table(s).....Done<0.0038 sec>
0...1...2...3...4...5...6...7...8...9...10FinalLightFace Done
0 of 0 (0% of) surface lights went in leaf ambient cubes.
0...1...2...3...4...5...6...7...8...9...10Writing leaf ambient...done
Ready to Finish

Object names       Objects/Maxobjs  Memory / Maxmem  Fullness 
------------       ---------------  ---------------  -------- 
models                   1/1024           48/49152    ( 0.1%) 
brushes                 35/8192          420/98304    ( 0.4%) 
brushsides             210/65536        1680/524288   ( 0.3%) 
planes                 206/65536        4120/1310720  ( 0.3%) 
vertexes               338/65536        4056/786432   ( 0.5%) 
nodes                  137/65536        4384/2097152  ( 0.2%) 
texinfos                14/12288        1008/884736   ( 0.1%) 
texdata                  5/2048          160/65536    ( 0.2%) 
dispinfos                0/0               0/0        ( 0.0%) 
disp_verts               0/0               0/0        ( 0.0%) 
disp_tris                0/0               0/0        ( 0.0%) 
disp_multiblend          0/0               0/0        ( 0.0%) 
disp_lmsamples           0/0               0/0        ( 0.0%) 
faces                  211/65536       11816/3670016  ( 0.3%) 
hdr faces              211/65536       11816/3670016  ( 0.3%) 
origfaces               65/65536        3640/3670016  ( 0.1%) 
leaves                 139/65536        4448/2097152  ( 0.2%) 
leaffaces              227/65536         454/131072   ( 0.3%) 
leafbrushes            198/65536         396/131072   ( 0.3%) 
areas                    2/256            16/2048     ( 0.8%) 
surfedges             1268/512000       5072/2048000  ( 0.2%) 
edges                  696/256000       2784/1024000  ( 0.3%) 
LDR worldlights          0/8192            0/819200   ( 0.0%) 
HDR worldlights          0/8192            0/819200   ( 0.0%) 
leafwaterdata            0/32768           0/393216   ( 0.0%) 
waterstrips             38/32768         380/327680   ( 0.1%) 
waterverts               0/65536           0/786432   ( 0.0%) 
waterindices           492/65536         984/131072   ( 0.8%) 
cubemapsamples           0/1024            0/16384    ( 0.0%) 
overlays                 0/512             0/180224   ( 0.0%) 
LDR lightdata         [variable]           0/0        ( 0.0%) 
HDR lightdata         [variable]      233560/0        ( 0.0%) 
visdata               [variable]         969/16777216 ( 0.0%) 
entdata               [variable]        2295/393216   ( 0.6%) 
LDR ambient table      139/65536         556/262144   ( 0.2%) 
HDR ambient table      139/65536         556/262144   ( 0.2%) 
LDR leaf ambient       139/65536        3892/1835008  ( 0.2%) 
HDR leaf ambient        48/65536        1344/1835008  ( 0.1%) 
occluders                0/0               0/0        ( 0.0%) 
occluder polygons        0/0               0/0        ( 0.0%) 
occluder vert ind        0/0               0/0        ( 0.0%) 
Prop Hull Verts          0/0               0/0        ( 0.0%) 
Prop Hull Blob           0/0               0/0        ( 0.0%) 
Prop Hull Lists          0/0               0/0        ( 0.0%) 
Prop Hulls               0/0               0/0        ( 0.0%) 
Prop Hull trilist        0/0               0/0        ( 0.0%) 
detail props          [variable]           1/12       ( 8.3%) 
static props          [variable]           1/12       ( 8.3%) 
pakfile               [variable]       74426/0        ( 0.0%) 
physics               [variable]       12001/4194304  ( 0.3%) 
physics terrain       [variable]           2/1048576  ( 0.0%) 

Level flags = 2

Total triangle count: 586
Writing f:\steam\steamapps\sourcemods\secondchanceasw\maps\day1_sc.bsp
1 second elapsed



materialPath: F:\Steam\steamapps\sourcemods\secondchanceasw\materials
Loading f:\steam\steamapps\sourcemods\secondchanceasw\maps\day1_sc.vmf
fixing up env_cubemap materials on brush sides...
0...1...2...3...4...5...6...7...8...9...100...1...2...3...4...5...6...7...8...9...10Processing areas...done (0)
Building Faces...done (0)
FixTjuncs...
PruneNodes...
WriteBSP...
done (0)
writing f:\steam\steamapps\sourcemods\secondchanceasw\maps\day1_sc.prt...Building visibility clusters...
done (0)
Finding displacement neighbors...
Finding lightmap sample positions...
Displacement Alpha : 0...1...2...3...4...5...6...7...8...9...10
Building Physics collision data...
done (0) (12001 bytes)
Placing detail props : 0...1...2...3...4...5...6...7...8...9...10
Compacting texture/material tables...
Reduced 18 texinfos to 14
Reduced 5 texdatas to 5 (115 bytes to 115)
Writing f:\steam\steamapps\sourcemods\secondchanceasw\maps\day1_sc.bsp
0 seconds elapsed



3 threads
reading f:\steam\steamapps\sourcemods\secondchanceasw\maps\day1_sc.bsp
reading f:\steam\steamapps\sourcemods\secondchanceasw\maps\day1_sc.prt
  48 portalclusters
 122 numportals
0...1...2...3...4...5...6...7...8...9...100...1...2...3...4...5...6...7...8...9...10Optimized: 19 visible clusters (0.00%)
Total clusters visible: 1753
Average clusters visible: 36
Building PAS...
Average clusters audible: 48
visdatasize:969  compressed from 768
writing f:\steam\steamapps\sourcemods\secondchanceasw\maps\day1_sc.bsp
0 seconds elapsed



[Reading texlights from 'lights.rad']
[45 texlights parsed from 'lights.rad']

Loading f:\steam\steamapps\sourcemods\secondchanceasw\maps\day1_sc.bsp
211 faces
255203 square feet [36749312.00 square inches]
0 Displacements
0 Square Feet [0.00 Square Inches]
211 patches before subdivision
10565 patches after subdivision
0 direct lights
0...1...2...3...4...5...6...7...8...9...100...1...2...3...4...5...6...7...8...9...10transfers 312134, max 202
transfer lists:   2.4 megs
0...1...2...3...4...5...6...7...8...9...10	Bounce #1 added RGB(0, 0, 0)
Build Patch/Sample Hash Table(s).....Done<0.0038 sec>
0...1...2...3...4...5...6...7...8...9...10FinalLightFace Done
0 of 0 (0% of) surface lights went in leaf ambient cubes.
0...1...2...3...4...5...6...7...8...9...10Writing leaf ambient...done
Ready to Finish

Object names       Objects/Maxobjs  Memory / Maxmem  Fullness 
------------       ---------------  ---------------  -------- 
models                   1/1024           48/49152    ( 0.1%) 
brushes                 35/8192          420/98304    ( 0.4%) 
brushsides             210/65536        1680/524288   ( 0.3%) 
planes                 206/65536        4120/1310720  ( 0.3%) 
vertexes               338/65536        4056/786432   ( 0.5%) 
nodes                  137/65536        4384/2097152  ( 0.2%) 
texinfos                14/12288        1008/884736   ( 0.1%) 
texdata                  5/2048          160/65536    ( 0.2%) 
dispinfos                0/0               0/0        ( 0.0%) 
disp_verts               0/0               0/0        ( 0.0%) 
disp_tris                0/0               0/0        ( 0.0%) 
disp_multiblend          0/0               0/0        ( 0.0%) 
disp_lmsamples           0/0               0/0        ( 0.0%) 
faces                  211/65536       11816/3670016  ( 0.3%) 
hdr faces              211/65536       11816/3670016  ( 0.3%) 
origfaces               65/65536        3640/3670016  ( 0.1%) 
leaves                 139/65536        4448/2097152  ( 0.2%) 
leaffaces              227/65536         454/131072   ( 0.3%) 
leafbrushes            198/65536         396/131072   ( 0.3%) 
areas                    2/256            16/2048     ( 0.8%) 
surfedges             1268/512000       5072/2048000  ( 0.2%) 
edges                  696/256000       2784/1024000  ( 0.3%) 
LDR worldlights          0/8192            0/819200   ( 0.0%) 
HDR worldlights          0/8192            0/819200   ( 0.0%) 
leafwaterdata            0/32768           0/393216   ( 0.0%) 
waterstrips             38/32768         380/327680   ( 0.1%) 
waterverts               0/65536           0/786432   ( 0.0%) 
waterindices           492/65536         984/131072   ( 0.8%) 
cubemapsamples           0/1024            0/16384    ( 0.0%) 
overlays                 0/512             0/180224   ( 0.0%) 
LDR lightdata         [variable]           0/0        ( 0.0%) 
HDR lightdata         [variable]      233560/0        ( 0.0%) 
visdata               [variable]         969/16777216 ( 0.0%) 
entdata               [variable]        2295/393216   ( 0.6%) 
LDR ambient table      139/65536         556/262144   ( 0.2%) 
HDR ambient table      139/65536         556/262144   ( 0.2%) 
LDR leaf ambient       139/65536        3892/1835008  ( 0.2%) 
HDR leaf ambient        48/65536        1344/1835008  ( 0.1%) 
occluders                0/0               0/0        ( 0.0%) 
occluder polygons        0/0               0/0        ( 0.0%) 
occluder vert ind        0/0               0/0        ( 0.0%) 
Prop Hull Verts          0/0               0/0        ( 0.0%) 
Prop Hull Blob           0/0               0/0        ( 0.0%) 
Prop Hull Lists          0/0               0/0        ( 0.0%) 
Prop Hulls               0/0               0/0        ( 0.0%) 
Prop Hull trilist        0/0               0/0        ( 0.0%) 
detail props          [variable]           1/12       ( 8.3%) 
static props          [variable]           1/12       ( 8.3%) 
pakfile               [variable]       74426/0        ( 0.0%) 
physics               [variable]       12001/4194304  ( 0.3%) 
physics terrain       [variable]           2/1048576  ( 0.0%) 

Level flags = 2

Total triangle count: 586
Writing f:\steam\steamapps\sourcemods\secondchanceasw\maps\day1_sc.bsp
1 second elapsed
