PRT1
202
643
4 0 31 (0 2048 64 ) (0 2048 512 ) (0 2624 512 ) (0 2624 64 ) 
4 0 30 (0 2048 512 ) (0 2048 1184 ) (0 2624 1184 ) (0 2624 512 ) 
4 0 18 (192 2048 64 ) (192 2048 464 ) (0 2048 464 ) (0 2048 64 ) 
4 0 14 (128 2048 1184 ) (96 2048 1184 ) (96 2048 464 ) (128 2048 464 ) 
4 0 13 (192 2048 464 ) (192 2048 1184 ) (128 2048 1184 ) (128 2048 464 ) 
4 0 17 (96 2048 1184 ) (0 2048 1184 ) (0 2048 464 ) (96 2048 464 ) 
4 1 107 (1536 1024 608 ) (1536 1024 896 ) (1024 1024 896 ) (1024 1024 608 ) 
4 1 7 (1024 1792 608 ) (1024 1024 608 ) (1024 1024 896 ) (1024 1792 896 ) 
4 1 6 (1024 1824 608 ) (1024 1792 608 ) (1024 1792 896 ) (1024 1824 896 ) 
4 1 2 (1024 1024 608 ) (1024 1792 608 ) (1536 1792 608 ) (1536 1024 608 ) 
4 2 107 (1536 1024 352 ) (1536 1024 608 ) (1024 1024 608 ) (1024 1024 352 ) 
4 2 7 (1024 1792 352 ) (1024 1024 352 ) (1024 1024 608 ) (1024 1792 608 ) 
4 2 4 (1024 1024 352 ) (1024 1536 352 ) (1280 1536 352 ) (1280 1024 352 ) 
4 3 10 (1024 1824 320 ) (1024 1792 320 ) (1024 1792 352 ) (1024 1824 352 ) 
4 4 108 (1280 1024 352 ) (1024 1024 352 ) (1024 1024 320 ) (1280 1024 320 ) 
4 4 11 (1024 1536 320 ) (1024 1024 320 ) (1024 1024 352 ) (1024 1536 352 ) 
4 4 5 (1280 1024 320 ) (1024 1024 320 ) (1024 1536 320 ) (1280 1536 320 ) 
4 5 109 (1536 1024 64 ) (1536 1024 320 ) (1024 1024 320 ) (1024 1024 64 ) 
4 5 12 (1024 1024 64 ) (1024 1024 320 ) (1024 1568 320 ) (1024 1568 64 ) 
4 6 13 (192 1792 896 ) (192 1824 896 ) (192 1824 608 ) (192 1792 608 ) 
4 6 8 (193 1792 896 ) (192 1792 896 ) (192 1792 608 ) (193 1792 608 ) 
4 6 7 (1024 1792 608 ) (1024 1792 896 ) (193 1792 896 ) (193 1792 608 ) 
4 7 110 (1024 1024 352 ) (1024 1024 896 ) (193 1024 896 ) (193 1024 352 ) 
4 7 11 (1024 1024 352 ) (448 1024 352 ) (448 1536 352 ) (1024 1536 352 ) 
4 7 9 (193 1312 352 ) (193 1024 352 ) (193 1024 896 ) (193 1312 896 ) 
4 7 8 (193 1792 896 ) (193 1792 352 ) (193 1312 352 ) (193 1312 896 ) 
4 8 26 (192 1568 352 ) (192 1536 352 ) (192 1536 464 ) (192 1568 464 ) 
4 8 22 (192 1760 352 ) (192 1568 352 ) (192 1568 464 ) (192 1760 464 ) 
4 8 19 (192 1792 464 ) (192 1792 352 ) (192 1760 352 ) (192 1760 464 ) 
4 8 29 (192 1536 352 ) (192 1312 352 ) (192 1312 464 ) (192 1536 464 ) 
4 8 13 (192 1312 896 ) (192 1792 896 ) (192 1792 464 ) (192 1312 464 ) 
4 8 9 (192 1312 352 ) (193 1312 352 ) (193 1312 896 ) (192 1312 896 ) 
4 9 111 (193 1024 896 ) (192 1024 896 ) (192 1024 352 ) (193 1024 352 ) 
4 9 29 (192 1024 352 ) (192 1024 464 ) (192 1312 464 ) (192 1312 352 ) 
4 9 13 (192 1024 464 ) (192 1024 896 ) (192 1312 896 ) (192 1312 464 ) 
4 10 18 (192 1792 352 ) (192 1824 352 ) (192 1824 320 ) (192 1792 320 ) 
4 11 113 (1024 1024 320 ) (1024 1024 352 ) (448 1024 352 ) (448 1024 320 ) 
4 11 12 (448 1536 320 ) (1024 1536 320 ) (1024 1024 320 ) (448 1024 320 ) 
4 12 114 (1024 1024 64 ) (1024 1024 320 ) (192 1024 320 ) (192 1024 64 ) 
4 12 26 (192 1536 320 ) (192 1568 320 ) (192 1568 64 ) (192 1536 64 ) 
4 12 29 (192 1024 64 ) (192 1024 320 ) (192 1536 320 ) (192 1536 64 ) 
4 13 115 (192 1024 464 ) (192 1024 1184 ) (128 1024 1184 ) (128 1024 464 ) 
4 13 26 (192 1568 464 ) (192 1536 464 ) (128 1536 464 ) (128 1568 464 ) 
4 13 22 (192 1760 464 ) (192 1568 464 ) (128 1568 464 ) (128 1760 464 ) 
4 13 19 (192 1792 464 ) (192 1760 464 ) (128 1760 464 ) (128 1792 464 ) 
4 13 18 (128 2048 464 ) (192 2048 464 ) (192 1792 464 ) (128 1792 464 ) 
4 13 29 (192 1536 464 ) (192 1024 464 ) (128 1024 464 ) (128 1536 464 ) 
4 13 15 (128 1536 496 ) (128 1536 1184 ) (128 1792 1184 ) (128 1792 496 ) 
4 13 14 (128 2048 464 ) (128 1792 464 ) (128 1792 1184 ) (128 2048 1184 ) 
4 13 16 (128 1536 464 ) (128 1024 464 ) (128 1024 1184 ) (128 1536 1184 ) 
4 14 18 (96 2048 464 ) (128 2048 464 ) (128 1792 464 ) (96 1792 464 ) 
4 14 15 (96 1792 1184 ) (96 1792 496 ) (128 1792 496 ) (128 1792 1184 ) 
4 14 17 (96 2048 464 ) (96 1792 464 ) (96 1792 1184 ) (96 2048 1184 ) 
4 15 17 (96 1536 496 ) (96 1536 1184 ) (96 1792 1184 ) (96 1792 496 ) 
4 15 16 (96 1536 1184 ) (96 1536 496 ) (128 1536 496 ) (128 1536 1184 ) 
4 16 116 (128 1024 1184 ) (96 1024 1184 ) (96 1024 464 ) (128 1024 464 ) 
4 16 29 (128 1536 464 ) (128 1024 464 ) (96 1024 464 ) (96 1536 464 ) 
4 16 17 (96 1536 464 ) (96 1024 464 ) (96 1024 1184 ) (96 1536 1184 ) 
4 17 119 (96 1024 1184 ) (0 1024 1184 ) (0 1024 464 ) (96 1024 464 ) 
4 17 87 (0 1024 464 ) (0 1024 1026.140015 ) (0 1088 1026.140015 ) (0 1088 464 ) 
4 17 85 (0 1024 1026.140015 ) (0 1024 1184 ) (0 1088 1184 ) (0 1088 1026.140015 ) 
4 17 84 (0 1088 1184 ) (0 1536 1184 ) (0 1536 464 ) (0 1088 464 ) 
4 17 35 (0 1792 480 ) (0 1792 464 ) (0 1536 464 ) (0 1536 480 ) 
4 17 34 (0 1536 1184 ) (0 1792 1184 ) (0 1792 480 ) (0 1536 480 ) 
4 17 32 (0 1792 1184 ) (0 2048 1184 ) (0 2048 464 ) (0 1792 464 ) 
4 17 28 (0 1536 464 ) (0 1568 464 ) (96 1568 464 ) (96 1536 464 ) 
4 17 22 (0 1568 464 ) (0 1760 464 ) (96 1760 464 ) (96 1568 464 ) 
4 17 21 (0 1760 464 ) (0 1792 464 ) (96 1792 464 ) (96 1760 464 ) 
4 17 18 (0 1792 464 ) (0 2048 464 ) (96 2048 464 ) (96 1792 464 ) 
4 17 29 (0 1024 464 ) (0 1536 464 ) (96 1536 464 ) (96 1024 464 ) 
4 18 32 (0 1792 464 ) (0 2048 464 ) (0 2048 64 ) (0 1792 64 ) 
4 18 20 (96 1792 64 ) (128 1792 64 ) (128 1792 304 ) (96 1792 304 ) 
4 18 19 (128 1792 64 ) (192 1792 64 ) (192 1792 464 ) (128 1792 464 ) 
4 18 21 (0 1792 64 ) (96 1792 64 ) (96 1792 464 ) (0 1792 464 ) 
4 19 25 (128 1760 64 ) (192 1760 64 ) (192 1760 304 ) (128 1760 304 ) 
4 19 23 (192 1760 304 ) (192 1760 320 ) (128 1760 312.615356 ) (128 1760 304 ) 
4 19 22 (192 1760 352 ) (192 1760 464 ) (128 1760 464 ) (128 1760 344.615387 ) 
4 19 20 (128 1792 304 ) (128 1792 64 ) (128 1760 64 ) (128 1760 304 ) 
4 20 25 (96 1760 64 ) (128 1760 64 ) (128 1760 304 ) (96 1760 304 ) 
4 20 21 (96 1792 304 ) (96 1792 64 ) (96 1760 64 ) (96 1760 304 ) 
4 21 39 (0 1792 448 ) (0 1792 64 ) (0 1760 64 ) (0 1760 448 ) 
4 21 35 (0 1760 464 ) (0 1792 464 ) (0 1792 448 ) (0 1760 448 ) 
5 21 25 (0 1760 64 ) (96 1760 64 ) (96 1760 304 ) (53.333599 1760 304 ) (0 1760 297.846130 ) 
3 21 24 (96 1760 304 ) (96 1760 308.923035 ) (53.333599 1760 304 ) 
4 21 22 (96 1760 340.923096 ) (96 1760 464 ) (0 1760 464 ) (0 1760 329.846161 ) 
4 22 42 (0 1760 448 ) (0 1760 329.846161 ) (0 1568 329.846161 ) (0 1568 448 ) 
4 22 35 (0 1568 464 ) (0 1760 464 ) (0 1760 448 ) (0 1568 448 ) 
4 22 26 (192 1568 352 ) (192 1568 464 ) (128 1568 464 ) (128 1568 344.615417 ) 
4 22 28 (96 1568 464 ) (0 1568 464 ) (0 1568 329.846161 ) (96 1568 340.923096 ) 
4 23 26 (192 1568 304 ) (192 1568 320 ) (128 1568 312.615356 ) (128 1568 304 ) 
4 23 25 (192 1568 304 ) (128 1568 304 ) (128 1760 304 ) (192 1760 304 ) 
3 24 28 (53.333599 1568 304 ) (96 1568 304 ) (96 1568 308.923035 ) 
4 24 25 (96 1568 304 ) (53.333599 1568 304 ) (53.333599 1760 304 ) (96 1760 304 ) 
4 25 45 (0 1760 288 ) (0 1760 64 ) (0 1568 64 ) (0 1568 288 ) 
4 25 43 (0 1760 297.846130 ) (0 1760 288 ) (0 1568 288 ) (0 1568 297.846130 ) 
4 25 27 (96 1568 64 ) (128 1568 64 ) (128 1568 304 ) (96 1568 304 ) 
4 25 26 (128 1568 64 ) (192 1568 64 ) (192 1568 304 ) (128 1568 304 ) 
5 25 28 (0 1568 64 ) (96 1568 64 ) (96 1568 304 ) (53.333527 1568 304 ) (0 1568 297.846130 ) 
4 26 27 (128 1568 304 ) (128 1568 64 ) (128 1536 64 ) (128 1536 304 ) 
4 26 29 (128 1536 64 ) (192 1536 64 ) (192 1536 464 ) (128 1536 464 ) 
4 27 29 (96 1536 64 ) (128 1536 64 ) (128 1536 304 ) (96 1536 304 ) 
4 27 28 (96 1568 304 ) (96 1568 64 ) (96 1536 64 ) (96 1536 304 ) 
4 28 46 (0 1568 448 ) (0 1568 64 ) (0 1536 64 ) (0 1536 448 ) 
4 28 35 (0 1536 464 ) (0 1568 464 ) (0 1568 448 ) (0 1536 448 ) 
4 28 29 (0 1536 64 ) (96 1536 64 ) (96 1536 464 ) (0 1536 464 ) 
4 29 120 (192 1024 64 ) (192 1024 461.920990 ) (0 1024 461.920990 ) (0 1024 64 ) 
4 29 116 (128 1024 464 ) (96 1024 464 ) (96 1024 461.920990 ) (128 1024 461.920990 ) 
4 29 115 (192 1024 461.920990 ) (192 1024 464 ) (128 1024 464 ) (128 1024 461.920990 ) 
4 29 119 (96 1024 464 ) (0 1024 464 ) (0 1024 461.920990 ) (96 1024 461.920990 ) 
4 29 91 (0 1024 64 ) (0 1024 256 ) (0 1536 256 ) (0 1536 64 ) 
4 29 90 (0 1024 256 ) (0 1024 258.138000 ) (0 1088 258.138000 ) (0 1088 256 ) 
4 29 87 (0 1024 258.138000 ) (0 1024 464 ) (0 1088 464 ) (0 1088 258.138000 ) 
4 29 84 (0 1088 464 ) (0 1536 464 ) (0 1536 256 ) (0 1088 256 ) 
4 30 94 (-1024 2048 512 ) (-1024 2048 1184 ) (-1024 2624 1184 ) (-1024 2624 512 ) 
4 30 33 (-640 2048 1184 ) (-1024 2048 1184 ) (-1024 2048 512 ) (-640 2048 512 ) 
4 30 32 (0 2048 512 ) (0 2048 1184 ) (-640 2048 1184 ) (-640 2048 512 ) 
4 30 31 (-640 2624 512 ) (0 2624 512 ) (0 2048 512 ) (-640 2048 512 ) 
4 31 32 (0 2048 64 ) (0 2048 512 ) (-640 2048 512 ) (-640 2048 64 ) 
4 32 75 (-640 1792 224 ) (-640 1792 64 ) (-608 1792 64 ) (-608 1792 224 ) 
4 32 68 (-496 1792 64 ) (-464 1792 64 ) (-464 1792 240 ) (-496 1792 240 ) 
4 32 69 (-608 1792 64 ) (-496 1792 64 ) (-496 1792 400 ) (-608 1792 400 ) 
4 32 67 (-608 1792 448 ) (-640 1792 448 ) (-640 1792 416 ) (-608 1792 416 ) 
4 32 65 (-464 1792 448 ) (-496 1792 448 ) (-496 1792 432 ) (-464 1792 432 ) 
4 32 66 (-496 1792 448 ) (-608 1792 448 ) (-608 1792 400 ) (-496 1792 400 ) 
4 32 58 (-352 1792 64 ) (-320 1792 64 ) (-320 1792 256 ) (-352 1792 256 ) 
4 32 59 (-464 1792 416 ) (-464 1792 64 ) (-352 1792 64 ) (-352 1792 416 ) 
4 32 57 (-352 1792 448 ) (-464 1792 448 ) (-464 1792 416 ) (-352 1792 416 ) 
4 32 50 (-208 1792 64 ) (-176 1792 64 ) (-176 1792 272 ) (-208 1792 272 ) 
4 32 51 (-320 1792 432 ) (-320 1792 64 ) (-208 1792 64 ) (-208 1792 432 ) 
4 32 49 (-208 1792 448 ) (-320 1792 448 ) (-320 1792 432 ) (-208 1792 432 ) 
4 32 40 (-64 1792 288 ) (-64 1792 64 ) (-32 1792 64 ) (-32 1792 288 ) 
4 32 39 (0 1792 64 ) (0 1792 448 ) (-32 1792 448 ) (-32 1792 64 ) 
4 32 41 (-64 1792 448 ) (-176 1792 448 ) (-176 1792 64 ) (-64 1792 64 ) 
4 32 37 (-176 1792 480 ) (-208 1792 480 ) (-208 1792 464 ) (-176 1792 464 ) 
4 32 38 (-208 1792 480 ) (-640 1792 480 ) (-640 1792 448 ) (-208 1792 448 ) 
4 32 35 (0 1792 448 ) (0 1792 480 ) (-32 1792 480 ) (-32 1792 448 ) 
4 32 36 (-64 1792 480 ) (-176 1792 480 ) (-176 1792 448 ) (-64 1792 448 ) 
4 32 34 (0 1792 480 ) (0 1792 1184 ) (-640 1792 1184 ) (-640 1792 480 ) 
4 32 33 (-640 1792 512 ) (-640 1792 1184 ) (-640 2048 1184 ) (-640 2048 512 ) 
4 33 95 (-1024 1792 512 ) (-1024 1792 1184 ) (-1024 2048 1184 ) (-1024 2048 512 ) 
4 33 79 (-640 1792 1184 ) (-1024 1792 1184 ) (-1024 1792 512 ) (-640 1792 512 ) 
4 34 84 (0 1536 480 ) (0 1536 1184 ) (-640 1536 1184 ) (-640 1536 480 ) 
4 34 80 (-640 1537 480 ) (-640 1536 480 ) (-640 1536 1184 ) (-640 1537 1184 ) 
4 34 79 (-640 1792 1184 ) (-640 1792 480 ) (-640 1537 480 ) (-640 1537 1184 ) 
4 34 37 (-176 1536 480 ) (-208 1536 480 ) (-208 1792 480 ) (-176 1792 480 ) 
4 34 38 (-208 1536 480 ) (-640 1536 480 ) (-640 1792 480 ) (-208 1792 480 ) 
4 34 35 (0 1536 480 ) (-32 1536 480 ) (-32 1792 480 ) (0 1792 480 ) 
4 34 36 (-64 1536 480 ) (-176 1536 480 ) (-176 1792 480 ) (-64 1792 480 ) 
4 35 84 (0 1536 448 ) (0 1536 480 ) (-32 1536 480 ) (-32 1536 448 ) 
4 35 46 (0 1536 448 ) (-32 1536 448 ) (-32 1568 448 ) (0 1568 448 ) 
4 35 42 (-32 1568 448 ) (-32 1760 448 ) (0 1760 448 ) (0 1568 448 ) 
4 35 39 (-32 1760 448 ) (-32 1792 448 ) (0 1792 448 ) (0 1760 448 ) 
4 36 84 (-64 1536 480 ) (-176 1536 480 ) (-176 1536 448 ) (-64 1536 448 ) 
4 36 48 (-64 1536 448 ) (-176 1536 448 ) (-176 1568 448 ) (-64 1568 448 ) 
4 36 42 (-176 1568 448 ) (-176 1760 448 ) (-64 1760 448 ) (-64 1568 448 ) 
4 36 41 (-176 1760 448 ) (-176 1792 448 ) (-64 1792 448 ) (-64 1760 448 ) 
4 36 37 (-176 1536 464 ) (-176 1536 480 ) (-176 1792 480 ) (-176 1792 464 ) 
4 37 84 (-176 1536 480 ) (-208 1536 480 ) (-208 1536 464 ) (-176 1536 464 ) 
4 37 38 (-208 1536 464 ) (-208 1536 480 ) (-208 1792 480 ) (-208 1792 464 ) 
4 38 84 (-208 1536 480 ) (-640 1536 480 ) (-640 1536 448 ) (-208 1536 448 ) 
4 38 80 (-640 1537 448 ) (-640 1536 448 ) (-640 1536 480 ) (-640 1537 480 ) 
4 38 79 (-640 1792 480 ) (-640 1792 448 ) (-640 1537 448 ) (-640 1537 480 ) 
4 38 67 (-608 1536 448 ) (-640 1536 448 ) (-640 1792 448 ) (-608 1792 448 ) 
4 38 65 (-464 1536 448 ) (-496 1536 448 ) (-496 1792 448 ) (-464 1792 448 ) 
4 38 66 (-496 1536 448 ) (-608 1536 448 ) (-608 1792 448 ) (-496 1792 448 ) 
4 38 57 (-352 1536 448 ) (-464 1536 448 ) (-464 1792 448 ) (-352 1792 448 ) 
4 38 49 (-208 1536 448 ) (-320 1536 448 ) (-320 1792 448 ) (-208 1792 448 ) 
4 39 45 (-32 1760 64 ) (0 1760 64 ) (0 1760 288 ) (-32 1760 288 ) 
4 39 43 (0 1760 288 ) (0 1760 297.846161 ) (-32 1760 294.153839 ) (-32 1760 288 ) 
4 39 42 (0 1760 329.846191 ) (0 1760 448 ) (-32 1760 448 ) (-32 1760 326.153870 ) 
4 39 40 (-32 1792 64 ) (-32 1760 64 ) (-32 1760 288 ) (-32 1792 288 ) 
4 40 45 (-64 1760 64 ) (-32 1760 64 ) (-32 1760 288 ) (-64 1760 288 ) 
4 40 41 (-64 1792 64 ) (-64 1760 64 ) (-64 1760 288 ) (-64 1792 288 ) 
4 41 50 (-176 1792 64 ) (-176 1760 64 ) (-176 1760 272 ) (-176 1792 272 ) 
5 41 45 (-176 1760 277.538452 ) (-176 1760 64 ) (-64 1760 64 ) (-64 1760 288 ) (-85.333336 1760 288 ) 
3 41 44 (-85.333328 1760 288 ) (-64 1760 288 ) (-64 1760 290.461548 ) 
4 41 42 (-176 1760 448 ) (-176 1760 309.538513 ) (-64 1760 322.461578 ) (-64 1760 448 ) 
4 42 52 (-176 1568 309.538513 ) (-176 1568 432 ) (-176 1760 432 ) (-176 1760 309.538513 ) 
4 42 46 (-32 1568 326.153870 ) (0 1568 329.846191 ) (0 1568 448 ) (-32 1568 448 ) 
4 42 48 (-176 1568 448 ) (-176 1568 309.538513 ) (-64 1568 322.461578 ) (-64 1568 448 ) 
4 43 46 (-32 1568 288 ) (0 1568 288 ) (0 1568 297.846161 ) (-32 1568 294.153839 ) 
4 43 45 (0 1568 288 ) (-32 1568 288 ) (-32 1760 288 ) (0 1760 288 ) 
3 44 48 (-85.333328 1568 288 ) (-64 1568 288 ) (-64 1568 290.461548 ) 
4 44 45 (-64 1568 288 ) (-85.333336 1568 288 ) (-85.333328 1760 288 ) (-64 1760 288 ) 
4 45 54 (-176 1760 64 ) (-176 1568 64 ) (-176 1568 272 ) (-176 1760 272 ) 
4 45 47 (-64 1568 64 ) (-32 1568 64 ) (-32 1568 288 ) (-64 1568 288 ) 
4 45 46 (-32 1568 64 ) (0 1568 64 ) (0 1568 288 ) (-32 1568 288 ) 
5 45 48 (-176 1568 277.538452 ) (-176 1568 64 ) (-64 1568 64 ) (-64 1568 288 ) (-85.333336 1568 288 ) 
4 46 91 (0 1536 64 ) (0 1536 256 ) (-32 1536 256 ) (-32 1536 64 ) 
4 46 84 (0 1536 256 ) (0 1536 448 ) (-32 1536 448 ) (-32 1536 256 ) 
4 46 47 (-32 1568 288 ) (-32 1568 64 ) (-32 1536 64 ) (-32 1536 288 ) 
4 47 91 (-64 1536 256 ) (-64 1536 64 ) (-32 1536 64 ) (-32 1536 256 ) 
4 47 84 (-64 1536 288 ) (-64 1536 256 ) (-32 1536 256 ) (-32 1536 288 ) 
4 47 48 (-64 1568 288 ) (-64 1568 64 ) (-64 1536 64 ) (-64 1536 288 ) 
4 48 91 (-176 1536 256 ) (-176 1536 64 ) (-64 1536 64 ) (-64 1536 256 ) 
4 48 84 (-64 1536 448 ) (-176 1536 448 ) (-176 1536 256 ) (-64 1536 256 ) 
4 48 55 (-176 1568 64 ) (-176 1536 64 ) (-176 1536 272 ) (-176 1568 272 ) 
4 49 84 (-208 1536 448 ) (-320 1536 448 ) (-320 1536 432 ) (-208 1536 432 ) 
4 49 56 (-320 1536 432 ) (-320 1568 432 ) (-208 1568 432 ) (-208 1536 432 ) 
4 49 52 (-320 1568 432 ) (-320 1760 432 ) (-208 1760 432 ) (-208 1568 432 ) 
4 49 51 (-320 1760 432 ) (-320 1792 432 ) (-208 1792 432 ) (-208 1760 432 ) 
4 50 54 (-176 1760 64 ) (-176 1760 272 ) (-208 1760 272 ) (-208 1760 64 ) 
4 50 51 (-208 1792 64 ) (-208 1760 64 ) (-208 1760 272 ) (-208 1792 272 ) 
4 51 58 (-320 1792 64 ) (-320 1760 64 ) (-320 1760 256 ) (-320 1792 256 ) 
5 51 54 (-320 1760 260.923065 ) (-320 1760 64 ) (-208 1760 64 ) (-208 1760 272 ) (-224 1760 272 ) 
3 51 53 (-224 1760 272 ) (-208 1760 272 ) (-208 1760 273.846161 ) 
4 51 52 (-208 1760 432 ) (-320 1760 432 ) (-320 1760 292.923096 ) (-208 1760 305.846191 ) 
4 52 60 (-320 1568 292.923096 ) (-320 1568 416 ) (-320 1760 416 ) (-320 1760 292.923096 ) 
4 52 56 (-208 1568 432 ) (-320 1568 432 ) (-320 1568 292.923096 ) (-208 1568 305.846191 ) 
3 53 56 (-224 1568 272 ) (-208 1568 272 ) (-208 1568 273.846161 ) 
4 53 54 (-208 1568 272 ) (-224 1568 272 ) (-224 1760 272 ) (-208 1760 272 ) 
4 54 62 (-320 1760 64 ) (-320 1568 64 ) (-320 1568 256 ) (-320 1760 256 ) 
4 54 55 (-176 1568 64 ) (-176 1568 272 ) (-208 1568 272 ) (-208 1568 64 ) 
5 54 56 (-208 1568 272 ) (-224 1568 272 ) (-320 1568 260.923065 ) (-320 1568 64 ) (-208 1568 64 ) 
4 55 92 (-208 1536 64 ) (-192 1536 64 ) (-192 1536 256 ) (-208 1536 256 ) 
4 55 91 (-192 1536 64 ) (-176 1536 64 ) (-176 1536 256 ) (-192 1536 256 ) 
4 55 84 (-176 1536 256 ) (-176 1536 272 ) (-208 1536 272 ) (-208 1536 256 ) 
4 55 56 (-208 1568 272 ) (-208 1568 64 ) (-208 1536 64 ) (-208 1536 272 ) 
4 56 92 (-256 1536 64 ) (-208 1536 64 ) (-208 1536 256 ) (-256 1536 256 ) 
4 56 93 (-320 1536 256 ) (-320 1536 64 ) (-256 1536 64 ) (-256 1536 256 ) 
4 56 84 (-320 1536 432 ) (-320 1536 256 ) (-208 1536 256 ) (-208 1536 432 ) 
4 56 63 (-320 1568 64 ) (-320 1536 64 ) (-320 1536 256 ) (-320 1568 256 ) 
4 57 84 (-352 1536 448 ) (-464 1536 448 ) (-464 1536 416 ) (-352 1536 416 ) 
4 57 65 (-464 1536 432 ) (-464 1536 448 ) (-464 1792 448 ) (-464 1792 432 ) 
4 57 64 (-464 1536 416 ) (-464 1568 416 ) (-352 1568 416 ) (-352 1536 416 ) 
4 57 60 (-464 1568 416 ) (-464 1760 416 ) (-352 1760 416 ) (-352 1568 416 ) 
4 57 59 (-464 1760 416 ) (-464 1792 416 ) (-352 1792 416 ) (-352 1760 416 ) 
4 58 62 (-320 1760 64 ) (-320 1760 256 ) (-352 1760 256 ) (-352 1760 64 ) 
4 58 59 (-352 1792 64 ) (-352 1760 64 ) (-352 1760 256 ) (-352 1792 256 ) 
4 59 68 (-464 1792 64 ) (-464 1760 64 ) (-464 1760 240 ) (-464 1792 240 ) 
5 59 62 (-464 1760 244.307678 ) (-464 1760 64 ) (-352 1760 64 ) (-352 1760 256 ) (-362.666626 1760 256 ) 
3 59 61 (-362.666626 1760 256 ) (-352 1760 256 ) (-352 1760 257.230774 ) 
4 59 60 (-352 1760 416 ) (-464 1760 416 ) (-464 1760 276.307709 ) (-352 1760 289.230804 ) 
4 60 70 (-464 1568 276.307709 ) (-464 1568 400 ) (-464 1760 400 ) (-464 1760 276.307709 ) 
4 60 64 (-352 1568 416 ) (-464 1568 416 ) (-464 1568 276.307709 ) (-352 1568 289.230774 ) 
3 61 64 (-362.666626 1568 256 ) (-352 1568 256 ) (-352 1568 257.230774 ) 
4 61 62 (-352 1568 256 ) (-362.666626 1568 256 ) (-362.666626 1760 256 ) (-352 1760 256 ) 
4 62 72 (-464 1760 64 ) (-464 1568 64 ) (-464 1568 240 ) (-464 1760 240 ) 
4 62 63 (-320 1568 64 ) (-320 1568 256 ) (-352 1568 256 ) (-352 1568 64 ) 
5 62 64 (-352 1568 256 ) (-362.666595 1568 256 ) (-464 1568 244.307678 ) (-464 1568 64 ) (-352 1568 64 ) 
4 63 93 (-352 1536 64 ) (-320 1536 64 ) (-320 1536 256 ) (-352 1536 256 ) 
4 63 64 (-352 1568 256 ) (-352 1568 64 ) (-352 1536 64 ) (-352 1536 256 ) 
4 64 93 (-464 1536 256 ) (-464 1536 64 ) (-352 1536 64 ) (-352 1536 256 ) 
4 64 84 (-464 1536 416 ) (-464 1536 256 ) (-352 1536 256 ) (-352 1536 416 ) 
4 64 73 (-464 1568 64 ) (-464 1536 64 ) (-464 1536 240 ) (-464 1568 240 ) 
4 65 84 (-464 1536 448 ) (-496 1536 448 ) (-496 1536 432 ) (-464 1536 432 ) 
4 65 66 (-496 1536 432 ) (-496 1536 448 ) (-496 1792 448 ) (-496 1792 432 ) 
4 66 84 (-496 1536 448 ) (-608 1536 448 ) (-608 1536 400 ) (-496 1536 400 ) 
4 66 74 (-496 1568 400 ) (-496 1536 400 ) (-608 1536 400 ) (-608 1568 400 ) 
4 66 70 (-496 1760 400 ) (-496 1568 400 ) (-608 1568 400 ) (-608 1760 400 ) 
4 66 69 (-608 1792 400 ) (-496 1792 400 ) (-496 1760 400 ) (-608 1760 400 ) 
4 66 67 (-608 1536 416 ) (-608 1536 448 ) (-608 1792 448 ) (-608 1792 416 ) 
4 67 84 (-608 1536 448 ) (-640 1536 448 ) (-640 1536 416 ) (-608 1536 416 ) 
4 67 80 (-640 1537 416 ) (-640 1536 416 ) (-640 1536 448 ) (-640 1537 448 ) 
4 67 79 (-640 1792 448 ) (-640 1792 416 ) (-640 1537 416 ) (-640 1537 448 ) 
4 68 72 (-496 1760 64 ) (-464 1760 64 ) (-464 1760 240 ) (-496 1760 240 ) 
4 68 69 (-496 1792 64 ) (-496 1760 64 ) (-496 1760 240 ) (-496 1792 240 ) 
4 69 75 (-608 1792 64 ) (-608 1760 64 ) (-608 1760 224 ) (-608 1792 224 ) 
5 69 72 (-608 1760 227.692322 ) (-608 1760 64 ) (-496 1760 64 ) (-496 1760 240 ) (-501.333344 1760 240 ) 
3 69 71 (-501.333344 1760 240 ) (-496 1760 240 ) (-496 1760 240.615387 ) 
4 69 70 (-608 1760 400 ) (-608 1760 259.692352 ) (-496 1760 272.615417 ) (-496 1760 400 ) 
4 70 77 (-608 1568 259.692352 ) (-608 1568 384 ) (-608 1760 384 ) (-608 1760 259.692352 ) 
4 70 74 (-608 1568 400 ) (-608 1568 259.692352 ) (-496 1568 272.615417 ) (-496 1568 400 ) 
3 71 74 (-501.333344 1568 240 ) (-496 1568 240 ) (-496 1568 240.615387 ) 
4 71 72 (-496 1568 240 ) (-501.333344 1568 240 ) (-501.333344 1760 240 ) (-496 1760 240 ) 
4 72 76 (-608 1760 64 ) (-608 1568 64 ) (-608 1568 224 ) (-608 1760 224 ) 
4 72 73 (-496 1568 64 ) (-464 1568 64 ) (-464 1568 240 ) (-496 1568 240 ) 
5 72 74 (-608 1568 227.692322 ) (-608 1568 64 ) (-496 1568 64 ) (-496 1568 240 ) (-501.333344 1568 240 ) 
4 73 93 (-496 1536 64 ) (-464 1536 64 ) (-464 1536 240 ) (-496 1536 240 ) 
4 73 74 (-496 1568 240 ) (-496 1568 64 ) (-496 1536 64 ) (-496 1536 240 ) 
4 74 93 (-608 1536 64 ) (-496 1536 64 ) (-496 1536 256 ) (-608 1536 256 ) 
4 74 84 (-496 1536 256 ) (-496 1536 400 ) (-608 1536 400 ) (-608 1536 256 ) 
4 74 78 (-608 1568 64 ) (-608 1536 64 ) (-608 1536 224 ) (-608 1568 224 ) 
4 75 82 (-640 1792 192 ) (-640 1792 64 ) (-640 1760 64 ) (-640 1760 192 ) 
4 75 76 (-640 1760 64 ) (-608 1760 64 ) (-608 1760 224 ) (-640 1760 224 ) 
4 76 82 (-640 1760 64 ) (-640 1600 64 ) (-640 1600 192 ) (-640 1760 192 ) 
4 76 78 (-640 1568 64 ) (-608 1568 64 ) (-608 1568 224 ) (-640 1568 224 ) 
4 77 79 (-640 1568 256 ) (-640 1568 384 ) (-640 1760 384 ) (-640 1760 256 ) 
4 78 93 (-640 1536 224 ) (-640 1536 64 ) (-608 1536 64 ) (-608 1536 224 ) 
4 79 97 (-1024 1792 288 ) (-1024 1792 256 ) (-1024 1537 256 ) (-1024 1537 288 ) 
4 79 96 (-1024 1537 1184 ) (-1024 1792 1184 ) (-1024 1792 288 ) (-1024 1537 288 ) 
4 79 81 (-1024 1537 256 ) (-640 1537 256 ) (-640 1537 288 ) (-1024 1537 288 ) 
4 79 80 (-640 1537 288 ) (-640 1537 1184 ) (-1024 1537 1184 ) (-1024 1537 288 ) 
4 80 96 (-1024 1536 288 ) (-1024 1536 1184 ) (-1024 1537 1184 ) (-1024 1537 288 ) 
4 80 84 (-1024 1536 1184 ) (-1024 1536 288 ) (-640 1536 288 ) (-640 1536 1184 ) 
4 80 81 (-1024 1537 288 ) (-640 1537 288 ) (-640 1536 288 ) (-1024 1536 288 ) 
4 81 98 (-1024 1536 256 ) (-1024 1536 288 ) (-1024 1537 288 ) (-1024 1537 256 ) 
4 81 84 (-1024 1536 288 ) (-1024 1536 256 ) (-640 1536 256 ) (-640 1536 288 ) 
4 82 83 (-704 1792 64 ) (-704 1600 64 ) (-704 1600 192 ) (-704 1792 192 ) 
4 83 100 (-1024 1536 64 ) (-1024 1536 192 ) (-1024 1792 192 ) (-1024 1792 64 ) 
4 83 93 (-1024 1536 192 ) (-1024 1536 64 ) (-704 1536 64 ) (-704 1536 192 ) 
4 84 102 (-1024 1344 1184 ) (-1024 1536 1184 ) (-1024 1536 256 ) (-1024 1344 256 ) 
4 84 103 (-1024 1088 1184 ) (-1024 1344 1184 ) (-1024 1344 256 ) (-1024 1088 256 ) 
4 84 92 (-256 1536 256 ) (-192 1536 256 ) (-192 1152 256 ) (-256 1152 256 ) 
4 84 91 (-192 1536 256 ) (0 1536 256 ) (0 1088 256 ) (-192 1088 256 ) 
4 84 93 (-1024 1088 256 ) (-1024 1536 256 ) (-256 1536 256 ) (-256 1088 256 ) 
4 84 90 (-208 1088 256 ) (0 1088 256 ) (0 1088 258.138000 ) (-208.534500 1088 258.138000 ) 
3 84 89 (-48.535011 1088 1024 ) (-400 1088 1024 ) (-224.267273 1088 321.069092 ) 
4 84 88 (-48 1088 1026.140015 ) (-432.535034 1088 1026.140015 ) (-432 1088 1024 ) (-48.535034 1088 1024 ) 
4 84 87 (0 1088 258.138000 ) (0 1088 1026.140015 ) (-16 1088 1026.140015 ) (-208 1088 258.138000 ) 
4 84 86 (-1024 1088 256 ) (-240 1088 256 ) (-432.535034 1088 1026.140015 ) (-1024 1088 1026.140015 ) 
4 84 85 (0 1088 1026.140015 ) (0 1088 1184 ) (-1024 1088 1184 ) (-1024 1088 1026.140015 ) 
4 85 133 (0 1024 1026.140015 ) (0 1024 1184 ) (-1024 1024 1184 ) (-1024 1024 1026.140015 ) 
4 85 103 (-1024 1024 1026.140015 ) (-1024 1024 1184 ) (-1024 1088 1184 ) (-1024 1088 1026.140015 ) 
4 85 88 (-432.535034 1088 1026.140015 ) (-48 1088 1026.140015 ) (-48 1024 1026.140015 ) (-432.535034 1024 1026.140015 ) 
4 85 87 (-16 1088 1026.140015 ) (0 1088 1026.140015 ) (0 1024 1026.140015 ) (-16 1024 1026.140015 ) 
4 85 86 (-1024 1088 1026.140015 ) (-432.535034 1088 1026.140015 ) (-432.535034 1024 1026.140015 ) (-1024 1024 1026.140015 ) 
4 86 134 (-432.535034 1024 1026.140015 ) (-1024 1024 1026.140015 ) (-1024 1024 256 ) (-240 1024 256 ) 
4 86 103 (-1024 1024 256 ) (-1024 1024 1026.140015 ) (-1024 1088 1026.140015 ) (-1024 1088 256 ) 
4 86 93 (-256 1024 256 ) (-1024 1024 256 ) (-1024 1088 256 ) (-256 1088 256 ) 
4 86 88 (-432 1088 1024 ) (-432.535156 1088 1026.140015 ) (-432.535156 1024 1026.140015 ) (-432 1024 1024 ) 
4 87 135 (0 1024 258.138000 ) (0 1024 1026.140015 ) (-16 1024 1026.140015 ) (-208 1024 258.138000 ) 
4 87 90 (-208 1088 258.138000 ) (0 1088 258.138000 ) (0 1024 258.138000 ) (-208 1024 258.138000 ) 
4 88 136 (-48 1024 1026.140015 ) (-432.535034 1024 1026.140015 ) (-432 1024 1024 ) (-48.535034 1024 1024 ) 
4 88 89 (-400 1088 1024 ) (-48.534973 1088 1024 ) (-48.534996 1024 1024 ) (-400 1024 1024 ) 
3 89 137 (-48.535011 1024 1024 ) (-400 1024 1024 ) (-224.267273 1024 321.069092 ) 
4 90 138 (0 1024 256 ) (0 1024 258.138000 ) (-208.534500 1024 258.138000 ) (-208 1024 256 ) 
4 90 91 (0 1024 256 ) (-192 1024 256 ) (-192 1088 256 ) (0 1088 256 ) 
4 91 140 (0 1024 64 ) (0 1024 256 ) (-192 1024 256 ) (-192 1024 64 ) 
4 91 92 (-192 1536 64 ) (-192 1152 64 ) (-192 1152 256 ) (-192 1536 256 ) 
4 92 93 (-256 1536 64 ) (-256 1152 64 ) (-256 1152 256 ) (-256 1536 256 ) 
4 93 142 (-256 1024 256 ) (-1024 1024 256 ) (-1024 1024 64 ) (-256 1024 64 ) 
4 93 102 (-1024 1344 256 ) (-1024 1536 256 ) (-1024 1536 64 ) (-1024 1344 64 ) 
4 93 103 (-1024 1024 64 ) (-1024 1024 256 ) (-1024 1344 256 ) (-1024 1344 64 ) 
4 94 95 (-1024 2048 512 ) (-1024 2048 1184 ) (-1664 2048 1184 ) (-1664 2048 512 ) 
4 95 104 (-1664 1792 512 ) (-1664 1792 1184 ) (-1664 1856 1184 ) (-1664 1856 512 ) 
4 95 96 (-1664 1792 1184 ) (-1664 1792 512 ) (-1024 1792 512 ) (-1024 1792 1184 ) 
4 96 105 (-1664 1536 288 ) (-1664 1536 1184 ) (-1664 1792 1184 ) (-1664 1792 288 ) 
4 96 102 (-1664 1536 1184 ) (-1664 1536 288 ) (-1024 1536 288 ) (-1024 1536 1184 ) 
4 96 98 (-1024 1536 288 ) (-1408 1536 288 ) (-1408 1537 288 ) (-1024 1537 288 ) 
4 96 97 (-1408 1537 288 ) (-1408 1792 288 ) (-1024 1792 288 ) (-1024 1537 288 ) 
4 96 99 (-1408 1536 288 ) (-1664 1536 288 ) (-1664 1792 288 ) (-1408 1792 288 ) 
4 97 99 (-1408 1792 256 ) (-1408 1537 256 ) (-1408 1537 288 ) (-1408 1792 288 ) 
4 97 98 (-1408 1537 288 ) (-1408 1537 256 ) (-1024 1537 256 ) (-1024 1537 288 ) 
4 98 102 (-1408 1536 256 ) (-1024 1536 256 ) (-1024 1536 288 ) (-1408 1536 288 ) 
4 98 99 (-1408 1537 256 ) (-1408 1536 256 ) (-1408 1536 288 ) (-1408 1537 288 ) 
4 99 105 (-1664 1536 256 ) (-1664 1536 288 ) (-1664 1792 288 ) (-1664 1792 256 ) 
4 99 102 (-1664 1536 288 ) (-1664 1536 256 ) (-1408 1536 256 ) (-1408 1536 288 ) 
4 99 101 (-1408 1536 256 ) (-1664 1536 256 ) (-1664 1792 256 ) (-1408 1792 256 ) 
5 100 102 (-1024 1536 64 ) (-1024 1536 192 ) (-1408 1536 192 ) (-1408 1536 106.666656 ) (-1280 1536 64 ) 
4 101 105 (-1664 1536 192 ) (-1664 1536 256 ) (-1664 1792 256 ) (-1664 1792 192 ) 
3 101 102 (-1664 1536 256 ) (-1664 1536 192 ) (-1408 1536 256 ) 
4 102 105 (-1664 1344 1184 ) (-1664 1536 1184 ) (-1664 1536 192 ) (-1664 1344 192 ) 
5 102 103 (-1280 1344 64 ) (-1024 1344 64 ) (-1024 1344 1184 ) (-1664 1344 1184 ) (-1664 1344 192 ) 
4 103 191 (-1024 1024 64 ) (-1024 1024 1184 ) (-1664 1024 1184 ) (-1664 1024 64 ) 
4 103 105 (-1664 1024 192 ) (-1664 1024 1184 ) (-1664 1344 1184 ) (-1664 1344 192 ) 
4 104 106 (-1920 1792 1184 ) (-1920 1792 256 ) (-1856 1792 256 ) (-1856 1792 1184 ) 
4 104 105 (-1856 1792 256 ) (-1664 1792 256 ) (-1664 1792 1184 ) (-1856 1792 1184 ) 
4 105 196 (-1664 1024 192 ) (-1664 1024 1184 ) (-1856 1024 1184 ) (-1856 1024 192 ) 
4 105 106 (-1856 1792 1184 ) (-1856 1792 256 ) (-1856 1024 256 ) (-1856 1024 1184 ) 
4 106 197 (-1856 1024 256 ) (-1856 1024 1184 ) (-1920 1024 1184 ) (-1920 1024 256 ) 
4 107 110 (1024 256 896 ) (1024 1024 896 ) (1024 1024 352 ) (1024 256 352 ) 
4 107 108 (1024 512 352 ) (1024 1024 352 ) (1280 1024 352 ) (1280 512 352 ) 
4 108 113 (1024 512 352 ) (1024 1024 352 ) (1024 1024 320 ) (1024 512 320 ) 
4 108 109 (1024 1024 320 ) (1280 1024 320 ) (1280 512 320 ) (1024 512 320 ) 
4 109 114 (1024 480 64 ) (1024 480 320 ) (1024 1024 320 ) (1024 1024 64 ) 
4 110 113 (448 1024 352 ) (1024 1024 352 ) (1024 512 352 ) (448 512 352 ) 
4 110 112 (193 736 352 ) (193 256 352 ) (193 256 896 ) (193 736 896 ) 
4 110 111 (193 1024 352 ) (193 736 352 ) (193 736 896 ) (193 1024 896 ) 
4 111 120 (192 1024 461.920990 ) (192 1024 352 ) (192 736 352 ) (192 736 461.920990 ) 
4 111 115 (192 1024 896 ) (192 1024 461.920990 ) (192 736 461.920990 ) (192 736 896 ) 
4 111 112 (192 736 352 ) (193 736 352 ) (193 736 896 ) (192 736 896 ) 
4 112 128 (192 288 352 ) (192 256 352 ) (192 256 461.920990 ) (192 288 461.920990 ) 
4 112 124 (192 480 352 ) (192 288 352 ) (192 288 461.920990 ) (192 480 461.920990 ) 
4 112 121 (192 512 352 ) (192 480 352 ) (192 480 461.920990 ) (192 512 461.920990 ) 
4 112 120 (192 736 352 ) (192 512 352 ) (192 512 461.920990 ) (192 736 461.920990 ) 
4 112 115 (192 256 461.920990 ) (192 256 896 ) (192 736 896 ) (192 736 461.920990 ) 
4 113 114 (448 1024 320 ) (1024 1024 320 ) (1024 512 320 ) (448 512 320 ) 
4 114 121 (192 512 64 ) (192 480 64 ) (192 480 320 ) (192 512 320 ) 
4 114 120 (192 1024 320 ) (192 1024 64 ) (192 512 64 ) (192 512 320 ) 
4 115 132 (192 0 461.920990 ) (192 0 1184 ) (128 0 1184 ) (128 0 461.920990 ) 
4 115 128 (192 288 461.920990 ) (192 256 461.920990 ) (128 256 461.920990 ) (128 288 461.920990 ) 
4 115 124 (192 480 461.920990 ) (192 288 461.920990 ) (128 288 461.920990 ) (128 480 461.920990 ) 
4 115 121 (192 512 461.920990 ) (192 480 461.920990 ) (128 480 461.920990 ) (128 512 461.920990 ) 
4 115 120 (128 1024 461.920990 ) (192 1024 461.920990 ) (192 512 461.920990 ) (128 512 461.920990 ) 
4 115 131 (192 256 461.920990 ) (192 0 461.920990 ) (128 0 461.920990 ) (128 256 461.920990 ) 
4 115 117 (128 256 493.920990 ) (128 256 1184 ) (128 512 1184 ) (128 512 493.920990 ) 
4 115 116 (128 1024 461.920990 ) (128 512 461.920990 ) (128 512 1184 ) (128 1024 1184 ) 
4 115 118 (128 256 461.920990 ) (128 0 461.920990 ) (128 0 1184 ) (128 256 1184 ) 
4 116 120 (96 1024 461.920990 ) (128 1024 461.920990 ) (128 512 461.920990 ) (96 512 461.920990 ) 
4 116 117 (96 512 1184 ) (96 512 493.920990 ) (128 512 493.920990 ) (128 512 1184 ) 
4 116 119 (96 1024 461.920990 ) (96 512 461.920990 ) (96 512 1184 ) (96 1024 1184 ) 
4 117 119 (96 256 493.920990 ) (96 256 1184 ) (96 512 1184 ) (96 512 493.920990 ) 
4 117 118 (96 256 1184 ) (96 256 493.920990 ) (128 256 493.920990 ) (128 256 1184 ) 
4 118 132 (128 0 1184 ) (96 0 1184 ) (96 0 461.920990 ) (128 0 461.920990 ) 
4 118 131 (128 256 461.920990 ) (128 0 461.920990 ) (96 0 461.920990 ) (96 256 461.920990 ) 
4 118 119 (96 256 461.920990 ) (96 0 461.920990 ) (96 0 1184 ) (96 256 1184 ) 
4 119 189 (0 256 461.920990 ) (0 0 461.920990 ) (0 0 1184 ) (0 256 1184 ) 
4 119 144 (0 512 461.920990 ) (0 256 461.920990 ) (0 256 477.920990 ) (0 512 477.920990 ) 
4 119 143 (0 256 477.920990 ) (0 256 1184 ) (0 512 1184 ) (0 512 477.920990 ) 
4 119 135 (0 1024 1026.140015 ) (0 1024 461.920990 ) (0 960 461.920990 ) (0 960 1026.140015 ) 
4 119 133 (0 1024 1184 ) (0 1024 1026.140015 ) (0 960 1026.140015 ) (0 960 1184 ) 
4 119 139 (0 960 461.920990 ) (0 512 461.920990 ) (0 512 1184 ) (0 960 1184 ) 
4 119 132 (96 0 1184 ) (0 0 1184 ) (0 0 461.920990 ) (96 0 461.920990 ) 
4 119 130 (96 288 461.920990 ) (96 256 461.920990 ) (0 256 461.920990 ) (0 288 461.920990 ) 
4 119 124 (96 480 461.920990 ) (96 288 461.920990 ) (0 288 461.920990 ) (0 480 461.920990 ) 
4 119 123 (96 512 461.920990 ) (96 480 461.920990 ) (0 480 461.920990 ) (0 512 461.920990 ) 
4 119 120 (0 1024 461.920990 ) (96 1024 461.920990 ) (96 512 461.920990 ) (0 512 461.920990 ) 
4 119 131 (96 256 461.920990 ) (96 0 461.920990 ) (0 0 461.920990 ) (0 256 461.920990 ) 
4 120 140 (0 1024 256 ) (0 1024 64 ) (0 512 64 ) (0 512 256 ) 
4 120 138 (0 1024 258.138000 ) (0 1024 256 ) (0 960 256 ) (0 960 258.138000 ) 
4 120 135 (0 1024 461.920990 ) (0 1024 258.138000 ) (0 960 258.138000 ) (0 960 461.920990 ) 
4 120 139 (0 960 256 ) (0 512 256 ) (0 512 461.920990 ) (0 960 461.920990 ) 
4 120 122 (96 512 64 ) (128 512 64 ) (128 512 301.920990 ) (96 512 301.920990 ) 
4 120 121 (128 512 64 ) (192 512 64 ) (192 512 461.920990 ) (128 512 461.920990 ) 
4 120 123 (0 512 64 ) (96 512 64 ) (96 512 461.920990 ) (0 512 461.920990 ) 
4 121 127 (128 480 64 ) (192 480 64 ) (192 480 301.920990 ) (128 480 301.920990 ) 
4 121 125 (192 480 301.920990 ) (192 480 317.920990 ) (128 480 310.536377 ) (128 480 301.920990 ) 
4 121 124 (192 480 349.920990 ) (192 480 461.920990 ) (128 480 461.920990 ) (128 480 342.536377 ) 
4 121 122 (128 512 301.920990 ) (128 512 64 ) (128 480 64 ) (128 480 301.920990 ) 
4 122 127 (96 480 64 ) (128 480 64 ) (128 480 301.920990 ) (96 480 301.920990 ) 
4 122 123 (96 512 301.920990 ) (96 512 64 ) (96 480 64 ) (96 480 301.920990 ) 
4 123 148 (0 512 64 ) (0 480 64 ) (0 480 445.920990 ) (0 512 445.920990 ) 
4 123 144 (0 480 445.920990 ) (0 480 461.920990 ) (0 512 461.920990 ) (0 512 445.920990 ) 
5 123 127 (0 480 64 ) (96 480 64 ) (96 480 301.920990 ) (53.333332 480 301.920990 ) (0 480 295.767151 ) 
3 123 126 (96 480 301.920990 ) (96 480 306.844055 ) (53.333336 480 301.920990 ) 
4 123 124 (96 480 338.844086 ) (96 480 461.920990 ) (0 480 461.920990 ) (0 480 327.767151 ) 
4 124 151 (0 288 327.767151 ) (0 288 445.920990 ) (0 480 445.920990 ) (0 480 327.767151 ) 
4 124 144 (0 288 445.920990 ) (0 288 461.920990 ) (0 480 461.920990 ) (0 480 445.920990 ) 
4 124 128 (192 288 349.920990 ) (192 288 461.920990 ) (128 288 461.920990 ) (128 288 342.536377 ) 
4 124 130 (96 288 461.920990 ) (0 288 461.920990 ) (0 288 327.767151 ) (96 288 338.844055 ) 
4 125 128 (192 288 301.920990 ) (192 288 317.920990 ) (128 288 310.536377 ) (128 288 301.920990 ) 
4 125 127 (192 288 301.920990 ) (128 288 301.920990 ) (128 480 301.920990 ) (192 480 301.920990 ) 
3 126 130 (53.333336 288 301.920990 ) (96 288 301.920990 ) (96 288 306.844055 ) 
4 126 127 (96 288 301.920990 ) (53.333332 288 301.920990 ) (53.333336 480 301.920990 ) (96 480 301.920990 ) 
4 127 154 (0 480 64 ) (0 288 64 ) (0 288 285.920990 ) (0 480 285.920990 ) 
4 127 152 (0 288 285.920990 ) (0 288 295.767151 ) (0 480 295.767151 ) (0 480 285.920990 ) 
4 127 129 (96 288 64 ) (128 288 64 ) (128 288 301.920990 ) (96 288 301.920990 ) 
4 127 128 (128 288 64 ) (192 288 64 ) (192 288 301.920990 ) (128 288 301.920990 ) 
5 127 130 (0 288 64 ) (96 288 64 ) (96 288 301.920990 ) (53.333344 288 301.920990 ) (0 288 295.767151 ) 
4 128 129 (128 288 301.920990 ) (128 288 64 ) (128 256 64 ) (128 256 301.920990 ) 
4 128 131 (128 256 64 ) (192 256 64 ) (192 256 461.920990 ) (128 256 461.920990 ) 
4 129 131 (96 256 64 ) (128 256 64 ) (128 256 301.920990 ) (96 256 301.920990 ) 
4 129 130 (96 288 301.920990 ) (96 288 64 ) (96 256 64 ) (96 256 301.920990 ) 
4 130 155 (0 288 64 ) (0 256 64 ) (0 256 445.920990 ) (0 288 445.920990 ) 
4 130 144 (0 256 445.920990 ) (0 256 461.920990 ) (0 288 461.920990 ) (0 288 445.920990 ) 
4 130 131 (0 256 64 ) (96 256 64 ) (96 256 461.920990 ) (0 256 461.920990 ) 
4 131 189 (0 256 64 ) (0 0 64 ) (0 0 461.920990 ) (0 256 461.920990 ) 
4 131 132 (192 0 64 ) (192 0 461.920990 ) (0 0 461.920990 ) (0 0 64 ) 
4 132 200 (0 -576 64 ) (0 -576 512 ) (0 0 512 ) (0 0 64 ) 
4 132 199 (0 -576 512 ) (0 -576 1184 ) (0 0 1184 ) (0 0 512 ) 
4 133 191 (-1024 1024 1184 ) (-1024 1024 1026.140015 ) (-1024 960 1026.140015 ) (-1024 960 1184 ) 
4 133 136 (-48 960 1026.140015 ) (-432.535034 960 1026.140015 ) (-432.535034 1024 1026.140015 ) (-48 1024 1026.140015 ) 
4 133 135 (0 960 1026.140015 ) (-16 960 1026.140015 ) (-16 1024 1026.140015 ) (0 1024 1026.140015 ) 
4 133 134 (-432.535034 960 1026.140015 ) (-1024 960 1026.140015 ) (-1024 1024 1026.140015 ) (-432.535034 1024 1026.140015 ) 
4 133 139 (0 960 1026.140015 ) (0 960 1184 ) (-1024 960 1184 ) (-1024 960 1026.140015 ) 
4 134 191 (-1024 1024 1026.140015 ) (-1024 1024 256 ) (-1024 960 256 ) (-1024 960 1026.140015 ) 
4 134 142 (-1024 960 256 ) (-1024 1024 256 ) (-256 1024 256 ) (-256 960 256 ) 
4 134 136 (-432.535156 1024 1026.140015 ) (-432.535156 960 1026.140015 ) (-432 960 1024 ) (-432 1024 1024 ) 
4 134 139 (-1024 960 256 ) (-240 960 256 ) (-432.535034 960 1026.140015 ) (-1024 960 1026.140015 ) 
4 135 138 (0 960 258.138000 ) (-208 960 258.138000 ) (-208 1024 258.138000 ) (0 1024 258.138000 ) 
4 135 139 (0 960 258.138000 ) (0 960 1026.140015 ) (-16 960 1026.140015 ) (-208 960 258.138000 ) 
4 136 137 (-400 1024 1024 ) (-48.534973 1024 1024 ) (-48.534996 960 1024 ) (-400 960 1024 ) 
4 136 139 (-48 960 1026.140015 ) (-432.535034 960 1026.140015 ) (-432 960 1024 ) (-48.535034 960 1024 ) 
3 137 139 (-48.535011 960 1024 ) (-400 960 1024 ) (-224.267273 960 321.069092 ) 
4 138 140 (-192 1024 256 ) (0 1024 256 ) (0 960 256 ) (-192 960 256 ) 
4 138 139 (-208 960 256 ) (0 960 256 ) (0 960 258.138000 ) (-208.534500 960 258.138000 ) 
4 139 192 (-1024 704 256 ) (-1024 512 256 ) (-1024 512 1184 ) (-1024 704 1184 ) 
4 139 191 (-1024 960 256 ) (-1024 704 256 ) (-1024 704 1184 ) (-1024 960 1184 ) 
4 139 188 (-640 512 1184 ) (-1024 512 1184 ) (-1024 512 256 ) (-640 512 256 ) 
4 139 178 (-608 512 256 ) (-496 512 256 ) (-496 512 397.920990 ) (-608 512 397.920990 ) 
4 139 176 (-608 512 445.920990 ) (-640 512 445.920990 ) (-640 512 413.920990 ) (-608 512 413.920990 ) 
4 139 174 (-464 512 445.920990 ) (-496 512 445.920990 ) (-496 512 429.920990 ) (-464 512 429.920990 ) 
4 139 175 (-496 512 445.920990 ) (-608 512 445.920990 ) (-608 512 397.920990 ) (-496 512 397.920990 ) 
4 139 168 (-464 512 413.920990 ) (-464 512 256 ) (-352 512 256 ) (-352 512 413.920990 ) 
4 139 166 (-352 512 445.920990 ) (-464 512 445.920990 ) (-464 512 413.920990 ) (-352 512 413.920990 ) 
4 139 159 (-208 512 256 ) (-176 512 256 ) (-176 512 269.920990 ) (-208 512 269.920990 ) 
4 139 160 (-320 512 429.920990 ) (-320 512 256 ) (-208 512 256 ) (-208 512 429.920990 ) 
4 139 158 (-208 512 445.920990 ) (-320 512 445.920990 ) (-320 512 429.920990 ) (-208 512 429.920990 ) 
4 139 149 (-64 512 285.920990 ) (-64 512 256 ) (-32 512 256 ) (-32 512 285.920990 ) 
4 139 148 (0 512 256 ) (0 512 445.920990 ) (-32 512 445.920990 ) (-32 512 256 ) 
4 139 150 (-64 512 445.920990 ) (-176 512 445.920990 ) (-176 512 256 ) (-64 512 256 ) 
4 139 146 (-176 512 477.920990 ) (-208 512 477.920990 ) (-208 512 461.920990 ) (-176 512 461.920990 ) 
4 139 147 (-208 512 477.920990 ) (-640 512 477.920990 ) (-640 512 445.920990 ) (-208 512 445.920990 ) 
4 139 144 (0 512 445.920990 ) (0 512 477.920990 ) (-32 512 477.920990 ) (-32 512 445.920990 ) 
4 139 145 (-64 512 477.920990 ) (-176 512 477.920990 ) (-176 512 445.920990 ) (-64 512 445.920990 ) 
4 139 143 (0 512 477.920990 ) (0 512 1184 ) (-640 512 1184 ) (-640 512 477.920990 ) 
4 139 141 (-192 512 256 ) (-256 512 256 ) (-256 896 256 ) (-192 896 256 ) 
4 139 140 (0 512 256 ) (-192 512 256 ) (-192 960 256 ) (0 960 256 ) 
4 139 142 (-256 512 256 ) (-1024 512 256 ) (-1024 960 256 ) (-256 960 256 ) 
4 140 159 (-176 512 256 ) (-192 512 256 ) (-192 512 64 ) (-176 512 64 ) 
4 140 149 (-32 512 256 ) (-64 512 256 ) (-64 512 64 ) (-32 512 64 ) 
4 140 148 (0 512 64 ) (0 512 256 ) (-32 512 256 ) (-32 512 64 ) 
4 140 150 (-64 512 256 ) (-176 512 256 ) (-176 512 64 ) (-64 512 64 ) 
4 140 141 (-192 896 64 ) (-192 512 64 ) (-192 512 256 ) (-192 896 256 ) 
4 141 159 (-192 512 256 ) (-208 512 256 ) (-208 512 64 ) (-192 512 64 ) 
4 141 160 (-208 512 256 ) (-256 512 256 ) (-256 512 64 ) (-208 512 64 ) 
4 141 142 (-256 896 64 ) (-256 512 64 ) (-256 512 256 ) (-256 896 256 ) 
4 142 192 (-1024 704 64 ) (-1024 512 64 ) (-1024 512 256 ) (-1024 704 256 ) 
4 142 191 (-1024 1024 256 ) (-1024 1024 64 ) (-1024 704 64 ) (-1024 704 256 ) 
4 142 184 (-640 512 221.919922 ) (-640 512 64 ) (-608 512 64 ) (-608 512 221.919922 ) 
4 142 177 (-496 512 237.921005 ) (-496 512 64 ) (-464 512 64 ) (-464 512 237.921005 ) 
4 142 178 (-496 512 256 ) (-608 512 256 ) (-608 512 64 ) (-496 512 64 ) 
4 142 167 (-352 512 253.921005 ) (-352 512 64 ) (-320 512 64 ) (-320 512 253.921005 ) 
4 142 168 (-352 512 256 ) (-464 512 256 ) (-464 512 64 ) (-352 512 64 ) 
4 142 160 (-256 512 256 ) (-320 512 256 ) (-320 512 64 ) (-256 512 64 ) 
4 143 189 (0 256 477.920990 ) (0 256 1184 ) (-640 256 1184 ) (-640 256 477.920990 ) 
4 143 188 (-640 512 1184 ) (-640 512 477.920990 ) (-640 256 477.920990 ) (-640 256 1184 ) 
4 143 146 (-176 256 477.920990 ) (-208 256 477.920990 ) (-208 512 477.920990 ) (-176 512 477.920990 ) 
4 143 147 (-208 256 477.920990 ) (-640 256 477.920990 ) (-640 512 477.920990 ) (-208 512 477.920990 ) 
4 143 144 (0 256 477.920990 ) (-32 256 477.920990 ) (-32 512 477.920990 ) (0 512 477.920990 ) 
4 143 145 (-64 256 477.920990 ) (-176 256 477.920990 ) (-176 512 477.920990 ) (-64 512 477.920990 ) 
4 144 189 (0 256 445.920990 ) (0 256 477.920990 ) (-32 256 477.920990 ) (-32 256 445.920990 ) 
4 144 155 (0 256 445.920990 ) (-32 256 445.920990 ) (-32 288 445.920990 ) (0 288 445.920990 ) 
4 144 151 (-32 288 445.920990 ) (-32 480 445.920990 ) (0 480 445.920990 ) (0 288 445.920990 ) 
4 144 148 (-32 480 445.920990 ) (-32 512 445.920990 ) (0 512 445.920990 ) (0 480 445.920990 ) 
4 145 189 (-64 256 477.920990 ) (-176 256 477.920990 ) (-176 256 445.920990 ) (-64 256 445.920990 ) 
4 145 157 (-64 256 445.920990 ) (-176 256 445.920990 ) (-176 288 445.920990 ) (-64 288 445.920990 ) 
4 145 151 (-176 288 445.920990 ) (-176 480 445.920990 ) (-64 480 445.920990 ) (-64 288 445.920990 ) 
4 145 150 (-176 480 445.920990 ) (-176 512 445.920990 ) (-64 512 445.920990 ) (-64 480 445.920990 ) 
4 145 146 (-176 256 461.920990 ) (-176 256 477.920990 ) (-176 512 477.920990 ) (-176 512 461.920990 ) 
4 146 189 (-176 256 477.920990 ) (-208 256 477.920990 ) (-208 256 461.920990 ) (-176 256 461.920990 ) 
4 146 147 (-208 256 461.920990 ) (-208 256 477.920990 ) (-208 512 477.920990 ) (-208 512 461.920990 ) 
4 147 189 (-208 256 477.920990 ) (-640 256 477.920990 ) (-640 256 445.920990 ) (-208 256 445.920990 ) 
4 147 188 (-640 512 477.920990 ) (-640 512 445.920990 ) (-640 256 445.920990 ) (-640 256 477.920990 ) 
4 147 176 (-608 256 445.920990 ) (-640 256 445.920990 ) (-640 512 445.920990 ) (-608 512 445.920990 ) 
4 147 174 (-464 256 445.920990 ) (-496 256 445.920990 ) (-496 512 445.920990 ) (-464 512 445.920990 ) 
4 147 175 (-496 256 445.920990 ) (-608 256 445.920990 ) (-608 512 445.920990 ) (-496 512 445.920990 ) 
4 147 166 (-352 256 445.920990 ) (-464 256 445.920990 ) (-464 512 445.920990 ) (-352 512 445.920990 ) 
4 147 158 (-208 256 445.920990 ) (-320 256 445.920990 ) (-320 512 445.920990 ) (-208 512 445.920990 ) 
4 148 154 (-32 480 64 ) (0 480 64 ) (0 480 285.920990 ) (-32 480 285.920990 ) 
4 148 152 (0 480 285.920990 ) (0 480 295.767181 ) (-32 480 292.074860 ) (-32 480 285.920990 ) 
4 148 151 (0 480 327.767181 ) (0 480 445.920990 ) (-32 480 445.920990 ) (-32 480 324.074860 ) 
4 148 149 (-32 512 64 ) (-32 480 64 ) (-32 480 285.920990 ) (-32 512 285.920990 ) 
4 149 154 (-64 480 64 ) (-32 480 64 ) (-32 480 285.920990 ) (-64 480 285.920990 ) 
4 149 150 (-64 512 64 ) (-64 480 64 ) (-64 480 285.920990 ) (-64 512 285.920990 ) 
4 150 159 (-176 512 64 ) (-176 480 64 ) (-176 480 269.920990 ) (-176 512 269.920990 ) 
5 150 154 (-176 480 275.459473 ) (-176 480 64 ) (-64 480 64 ) (-64 480 285.920990 ) (-85.333603 480 285.920990 ) 
3 150 153 (-85.333603 480 285.920990 ) (-64 480 285.920990 ) (-64 480 288.382568 ) 
4 150 151 (-176 480 445.920990 ) (-176 480 307.459503 ) (-64 480 320.382568 ) (-64 480 445.920990 ) 
4 151 161 (-176 288 307.459503 ) (-176 288 429.920990 ) (-176 480 429.920990 ) (-176 480 307.459503 ) 
4 151 155 (-32 288 324.074890 ) (0 288 327.767181 ) (0 288 445.920990 ) (-32 288 445.920990 ) 
4 151 157 (-176 288 445.920990 ) (-176 288 307.459503 ) (-64 288 320.382568 ) (-64 288 445.920990 ) 
4 152 155 (-32 288 285.920990 ) (0 288 285.920990 ) (0 288 295.767181 ) (-32 288 292.074860 ) 
4 152 154 (0 288 285.920990 ) (-32 288 285.920990 ) (-32 480 285.920990 ) (0 480 285.920990 ) 
3 153 157 (-85.333603 288 285.920990 ) (-64 288 285.920990 ) (-64 288 288.382568 ) 
4 153 154 (-64 288 285.920990 ) (-85.333603 288 285.920990 ) (-85.333603 480 285.920990 ) (-64 480 285.920990 ) 
4 154 163 (-176 480 64 ) (-176 288 64 ) (-176 288 269.920990 ) (-176 480 269.920990 ) 
4 154 156 (-64 288 64 ) (-32 288 64 ) (-32 288 285.920990 ) (-64 288 285.920990 ) 
4 154 155 (-32 288 64 ) (0 288 64 ) (0 288 285.920990 ) (-32 288 285.920990 ) 
5 154 157 (-176 288 275.459473 ) (-176 288 64 ) (-64 288 64 ) (-64 288 285.920990 ) (-85.333595 288 285.920990 ) 
4 155 189 (0 256 64 ) (0 256 445.920990 ) (-32 256 445.920990 ) (-32 256 64 ) 
4 155 156 (-32 288 285.920990 ) (-32 288 64 ) (-32 256 64 ) (-32 256 285.920990 ) 
4 156 189 (-64 256 285.920990 ) (-64 256 64 ) (-32 256 64 ) (-32 256 285.920990 ) 
4 156 157 (-64 288 285.920990 ) (-64 288 64 ) (-64 256 64 ) (-64 256 285.920990 ) 
4 157 189 (-64 256 445.920990 ) (-176 256 445.920990 ) (-176 256 64 ) (-64 256 64 ) 
4 157 164 (-176 288 64 ) (-176 256 64 ) (-176 256 269.920990 ) (-176 288 269.920990 ) 
4 158 189 (-208 256 445.920990 ) (-320 256 445.920990 ) (-320 256 429.920990 ) (-208 256 429.920990 ) 
4 158 165 (-320 256 429.920990 ) (-320 288 429.920990 ) (-208 288 429.920990 ) (-208 256 429.920990 ) 
4 158 161 (-320 288 429.920990 ) (-320 480 429.920990 ) (-208 480 429.920990 ) (-208 288 429.920990 ) 
4 158 160 (-320 480 429.920990 ) (-320 512 429.920990 ) (-208 512 429.920990 ) (-208 480 429.920990 ) 
4 159 163 (-176 480 64 ) (-176 480 269.920990 ) (-208 480 269.920990 ) (-208 480 64 ) 
4 159 160 (-208 512 64 ) (-208 480 64 ) (-208 480 269.920990 ) (-208 512 269.920990 ) 
4 160 167 (-320 512 64 ) (-320 480 64 ) (-320 480 253.921005 ) (-320 512 253.921005 ) 
5 160 163 (-320 480 258.844116 ) (-320 480 64 ) (-208 480 64 ) (-208 480 269.920990 ) (-224 480 269.920990 ) 
3 160 162 (-224 480 269.920990 ) (-208 480 269.920990 ) (-208 480 271.767181 ) 
4 160 161 (-208 480 429.920990 ) (-320 480 429.920990 ) (-320 480 290.844116 ) (-208 480 303.767181 ) 
4 161 169 (-320 288 290.844116 ) (-320 288 413.920990 ) (-320 480 413.920990 ) (-320 480 290.844116 ) 
4 161 165 (-208 288 429.920990 ) (-320 288 429.920990 ) (-320 288 290.844116 ) (-208 288 303.767181 ) 
3 162 165 (-224 288 269.920990 ) (-208 288 269.920990 ) (-208 288 271.767181 ) 
4 162 163 (-208 288 269.920990 ) (-224 288 269.920990 ) (-224 480 269.920990 ) (-208 480 269.920990 ) 
4 163 171 (-320 480 64 ) (-320 288 64 ) (-320 288 253.921005 ) (-320 480 253.921005 ) 
4 163 164 (-176 288 64 ) (-176 288 269.920990 ) (-208 288 269.920990 ) (-208 288 64 ) 
5 163 165 (-208 288 269.920990 ) (-224 288 269.920990 ) (-320 288 258.844116 ) (-320 288 64 ) (-208 288 64 ) 
4 164 189 (-208 256 64 ) (-176 256 64 ) (-176 256 269.920990 ) (-208 256 269.920990 ) 
4 164 165 (-208 288 269.920990 ) (-208 288 64 ) (-208 256 64 ) (-208 256 269.920990 ) 
4 165 189 (-320 256 429.920990 ) (-320 256 64 ) (-208 256 64 ) (-208 256 429.920990 ) 
4 165 172 (-320 288 64 ) (-320 256 64 ) (-320 256 253.921005 ) (-320 288 253.921005 ) 
4 166 189 (-352 256 445.920990 ) (-464 256 445.920990 ) (-464 256 413.920990 ) (-352 256 413.920990 ) 
4 166 174 (-464 256 429.920990 ) (-464 256 445.920990 ) (-464 512 445.920990 ) (-464 512 429.920990 ) 
4 166 173 (-464 256 413.920990 ) (-464 288 413.920990 ) (-352 288 413.920990 ) (-352 256 413.920990 ) 
4 166 169 (-464 288 413.920990 ) (-464 480 413.920990 ) (-352 480 413.920990 ) (-352 288 413.920990 ) 
4 166 168 (-464 480 413.920990 ) (-464 512 413.920990 ) (-352 512 413.920990 ) (-352 480 413.920990 ) 
4 167 171 (-320 480 64 ) (-320 480 253.921005 ) (-352 480 253.921005 ) (-352 480 64 ) 
4 167 168 (-352 512 64 ) (-352 480 64 ) (-352 480 253.921005 ) (-352 512 253.921005 ) 
4 168 177 (-464 512 64 ) (-464 480 64 ) (-464 480 237.921005 ) (-464 512 237.921005 ) 
5 168 171 (-464 480 242.228699 ) (-464 480 64 ) (-352 480 64 ) (-352 480 253.921005 ) (-362.666656 480 253.921005 ) 
3 168 170 (-362.666656 480 253.921005 ) (-352 480 253.921005 ) (-352 480 255.151779 ) 
4 168 169 (-352 480 413.920990 ) (-464 480 413.920990 ) (-464 480 274.228699 ) (-352 480 287.151794 ) 
4 169 179 (-464 288 274.228699 ) (-464 288 397.920990 ) (-464 480 397.920990 ) (-464 480 274.228699 ) 
4 169 173 (-352 288 413.920990 ) (-464 288 413.920990 ) (-464 288 274.228699 ) (-352 288 287.151794 ) 
3 170 173 (-362.666656 288 253.921005 ) (-352 288 253.921005 ) (-352 288 255.151779 ) 
4 170 171 (-352 288 253.921005 ) (-362.666656 288 253.921005 ) (-362.666656 480 253.921005 ) (-352 480 253.921005 ) 
4 171 181 (-464 480 64 ) (-464 288 64 ) (-464 288 237.921005 ) (-464 480 237.921005 ) 
4 171 172 (-320 288 64 ) (-320 288 253.921005 ) (-352 288 253.921005 ) (-352 288 64 ) 
5 171 173 (-352 288 253.921005 ) (-362.666870 288 253.921005 ) (-464 288 242.228699 ) (-464 288 64 ) (-352 288 64 ) 
4 172 189 (-352 256 64 ) (-320 256 64 ) (-320 256 253.921005 ) (-352 256 253.921005 ) 
4 172 173 (-352 288 253.921005 ) (-352 288 64 ) (-352 256 64 ) (-352 256 253.921005 ) 
4 173 189 (-464 256 413.920990 ) (-464 256 64 ) (-352 256 64 ) (-352 256 413.920990 ) 
4 173 182 (-464 288 64 ) (-464 256 64 ) (-464 256 237.921005 ) (-464 288 237.921005 ) 
4 174 189 (-464 256 445.920990 ) (-496 256 445.920990 ) (-496 256 429.920990 ) (-464 256 429.920990 ) 
4 174 175 (-496 256 429.920990 ) (-496 256 445.920990 ) (-496 512 445.920990 ) (-496 512 429.920990 ) 
4 175 189 (-496 256 445.920990 ) (-608 256 445.920990 ) (-608 256 397.920990 ) (-496 256 397.920990 ) 
4 175 183 (-496 288 397.920990 ) (-496 256 397.920990 ) (-608 256 397.920990 ) (-608 288 397.920990 ) 
4 175 179 (-496 480 397.920990 ) (-496 288 397.920990 ) (-608 288 397.920990 ) (-608 480 397.920990 ) 
4 175 178 (-608 512 397.920990 ) (-496 512 397.920990 ) (-496 480 397.920990 ) (-608 480 397.920990 ) 
4 175 176 (-608 256 413.920990 ) (-608 256 445.920990 ) (-608 512 445.920990 ) (-608 512 413.920990 ) 
4 176 189 (-608 256 445.920990 ) (-640 256 445.920990 ) (-640 256 413.920990 ) (-608 256 413.920990 ) 
4 176 188 (-640 512 445.920990 ) (-640 512 413.920990 ) (-640 256 413.920990 ) (-640 256 445.920990 ) 
4 177 181 (-496 480 64 ) (-464 480 64 ) (-464 480 237.921005 ) (-496 480 237.921005 ) 
4 177 178 (-496 512 64 ) (-496 480 64 ) (-496 480 237.921005 ) (-496 512 237.921005 ) 
4 178 184 (-608 512 64 ) (-608 480 64 ) (-608 480 221.919922 ) (-608 512 221.919922 ) 
5 178 181 (-608 480 225.613342 ) (-608 480 64 ) (-496 480 64 ) (-496 480 237.921005 ) (-501.333588 480 237.921005 ) 
3 178 180 (-501.333618 480 237.921005 ) (-496 480 237.921005 ) (-496 480 238.536423 ) 
4 178 179 (-608 480 397.920990 ) (-608 480 257.613342 ) (-496 480 270.536438 ) (-496 480 397.920990 ) 
4 179 185 (-608 288 257.613342 ) (-608 288 381.920990 ) (-608 480 381.920990 ) (-608 480 257.613342 ) 
4 179 183 (-608 288 397.920990 ) (-608 288 257.613342 ) (-496 288 270.536407 ) (-496 288 397.920990 ) 
3 180 183 (-501.333618 288 237.921005 ) (-496 288 237.921005 ) (-496 288 238.536423 ) 
4 180 181 (-496 288 237.921005 ) (-501.333588 288 237.921005 ) (-501.333618 480 237.921005 ) (-496 480 237.921005 ) 
4 181 186 (-608 480 64 ) (-608 288 64 ) (-608 288 221.919922 ) (-608 480 221.919922 ) 
4 181 182 (-496 288 64 ) (-464 288 64 ) (-464 288 237.921005 ) (-496 288 237.921005 ) 
5 181 183 (-608 288 225.613342 ) (-608 288 64 ) (-496 288 64 ) (-496 288 237.921005 ) (-501.333588 288 237.921005 ) 
4 182 189 (-496 256 64 ) (-464 256 64 ) (-464 256 237.921005 ) (-496 256 237.921005 ) 
4 182 183 (-496 288 237.921005 ) (-496 288 64 ) (-496 256 64 ) (-496 256 237.921005 ) 
4 183 189 (-608 256 64 ) (-496 256 64 ) (-496 256 397.920990 ) (-608 256 397.920990 ) 
4 183 187 (-608 288 64 ) (-608 256 64 ) (-608 256 221.919922 ) (-608 288 221.919922 ) 
4 184 186 (-640 480 64 ) (-608 480 64 ) (-608 480 221.919922 ) (-640 480 221.919922 ) 
4 185 188 (-640 288 256 ) (-640 288 381.920990 ) (-640 480 381.920990 ) (-640 480 256 ) 
4 186 187 (-640 288 64 ) (-608 288 64 ) (-608 288 221.919922 ) (-640 288 221.919922 ) 
4 187 189 (-640 256 221.919922 ) (-640 256 64 ) (-608 256 64 ) (-608 256 221.919922 ) 
4 188 193 (-1024 256 256 ) (-1024 256 1184 ) (-1024 512 1184 ) (-1024 512 256 ) 
4 188 190 (-1024 256 1184 ) (-1024 256 512 ) (-640 256 512 ) (-640 256 1184 ) 
4 189 200 (0 0 64 ) (0 0 512 ) (-640 0 512 ) (-640 0 64 ) 
4 189 199 (0 0 512 ) (0 0 1184 ) (-640 0 1184 ) (-640 0 512 ) 
4 189 190 (-640 0 512 ) (-640 0 1184 ) (-640 256 1184 ) (-640 256 512 ) 
4 190 199 (-640 0 1184 ) (-1024 0 1184 ) (-1024 0 512 ) (-640 0 512 ) 
4 190 195 (-1024 0 512 ) (-1024 0 1184 ) (-1024 256 1184 ) (-1024 256 512 ) 
4 191 196 (-1664 1024 1184 ) (-1664 1024 192 ) (-1664 704 192 ) (-1664 704 1184 ) 
5 191 192 (-1280 704 64 ) (-1024 704 64 ) (-1024 704 1184 ) (-1664 704 1184 ) (-1664 704 192 ) 
4 192 196 (-1664 512 192 ) (-1664 512 1184 ) (-1664 704 1184 ) (-1664 704 192 ) 
3 192 194 (-1664 512 256 ) (-1664 512 192 ) (-1408 512 256 ) 
4 192 193 (-1664 512 1184 ) (-1664 512 256 ) (-1024 512 256 ) (-1024 512 1184 ) 
4 193 196 (-1664 256 256 ) (-1664 256 1184 ) (-1664 512 1184 ) (-1664 512 256 ) 
4 193 195 (-1664 256 1184 ) (-1664 256 512 ) (-1024 256 512 ) (-1024 256 1184 ) 
4 193 194 (-1408 256 256 ) (-1664 256 256 ) (-1664 512 256 ) (-1408 512 256 ) 
4 194 196 (-1664 256 192 ) (-1664 256 256 ) (-1664 512 256 ) (-1664 512 192 ) 
4 195 201 (-1024 0 512 ) (-1024 0 1184 ) (-1664 0 1184 ) (-1664 0 512 ) 
4 195 198 (-1664 192 1184 ) (-1664 256 1184 ) (-1664 256 512 ) (-1664 192 512 ) 
4 196 198 (-1664 256 256 ) (-1664 256 1184 ) (-1856 256 1184 ) (-1856 256 256 ) 
4 196 197 (-1856 256 256 ) (-1856 256 1184 ) (-1856 1024 1184 ) (-1856 1024 256 ) 
4 197 198 (-1920 256 1184 ) (-1920 256 256 ) (-1856 256 256 ) (-1856 256 1184 ) 
4 199 201 (-1024 0 1184 ) (-1024 0 512 ) (-1024 -576 512 ) (-1024 -576 1184 ) 
4 199 200 (0 -576 512 ) (-640 -576 512 ) (-640 0 512 ) (0 0 512 ) 
